[31muncaughtException: Cannot read property 'version' of undefined[39m
[31mTypeError: Cannot read property 'version' of undefined[39m
[31m    at Object.<anonymous> (/Users/olivierbossel/data/web/coffeekraken/coffeekraken/terminal/monorepo/bin/coffeekraken-monorepo.js:20:38)[39m
[31m    at Module._compile (internal/modules/cjs/loader.js:959:30)[39m
[31m    at Object.Module._extensions..js (internal/modules/cjs/loader.js:995:10)[39m
[31m    at Module.load (internal/modules/cjs/loader.js:815:32)[39m
[31m    at Function.Module._load (internal/modules/cjs/loader.js:727:14)[39m
[31m    at Function.Module.runMain (internal/modules/cjs/loader.js:1047:10)[39m
[31m    at internal/main/run_main_module.js:17:11[39m
[31muncaughtException: rootDir is not defined[39m
[31mReferenceError: rootDir is not defined[39m
[31m    at module.exports (/Users/olivierbossel/data/web/coffeekraken/coffeekraken/terminal/monorepo/bin/commands/jsBundle.js:12:10)[39m
[31m    at Command.<anonymous> (/Users/olivierbossel/data/web/coffeekraken/coffeekraken/terminal/monorepo/bin/coffeekraken-monorepo.js:46:61)[39m
[31m    at Command.listener (/Users/olivierbossel/data/web/coffeekraken/coffeekraken/terminal/monorepo/node_modules/commander/index.js:360:8)[39m
[31m    at Command.emit (events.js:210:5)[39m
[31m    at Command.parseArgs (/Users/olivierbossel/data/web/coffeekraken/coffeekraken/terminal/monorepo/node_modules/commander/index.js:799:12)[39m
[31m    at Command.parse (/Users/olivierbossel/data/web/coffeekraken/coffeekraken/terminal/monorepo/node_modules/commander/index.js:563:21)[39m
[31m    at Object.<anonymous> (/Users/olivierbossel/data/web/coffeekraken/coffeekraken/terminal/monorepo/bin/coffeekraken-monorepo.js:89:11)[39m
[31m    at Module._compile (internal/modules/cjs/loader.js:959:30)[39m
[31m    at Object.Module._extensions..js (internal/modules/cjs/loader.js:995:10)[39m
[31m    at Module.load (internal/modules/cjs/loader.js:815:32)[39m
[31muncaughtException: Cannot read property 'rootDir' of undefined[39m
[31mTypeError: Cannot read property 'rootDir' of undefined[39m
[31m    at Command.<anonymous> (/Users/olivierbossel/data/web/coffeekraken/coffeekraken/terminal/monorepo/bin/coffeekraken-monorepo.js:43:16)[39m
[31m    at Command.listener (/Users/olivierbossel/data/web/coffeekraken/coffeekraken/terminal/monorepo/node_modules/commander/index.js:360:8)[39m
[31m    at Command.emit (events.js:210:5)[39m
[31m    at Command.parseArgs (/Users/olivierbossel/data/web/coffeekraken/coffeekraken/terminal/monorepo/node_modules/commander/index.js:799:12)[39m
[31m    at Command.parse (/Users/olivierbossel/data/web/coffeekraken/coffeekraken/terminal/monorepo/node_modules/commander/index.js:563:21)[39m
[31m    at Object.<anonymous> (/Users/olivierbossel/data/web/coffeekraken/coffeekraken/terminal/monorepo/bin/coffeekraken-monorepo.js:90:11)[39m
[31m    at Module._compile (internal/modules/cjs/loader.js:959:30)[39m
[31m    at Object.Module._extensions..js (internal/modules/cjs/loader.js:995:10)[39m
[31m    at Module.load (internal/modules/cjs/loader.js:815:32)[39m
[31m    at Function.Module._load (internal/modules/cjs/loader.js:727:14)[39m
[31muncaughtException: Cannot read property 'rootDir' of undefined[39m
[31mTypeError: Cannot read property 'rootDir' of undefined[39m
[31m    at Command.<anonymous> (/Users/olivierbossel/data/web/coffeekraken/coffeekraken/terminal/monorepo/bin/coffeekraken-monorepo.js:43:16)[39m
[31m    at Command.listener (/Users/olivierbossel/data/web/coffeekraken/coffeekraken/terminal/monorepo/node_modules/commander/index.js:360:8)[39m
[31m    at Command.emit (events.js:210:5)[39m
[31m    at Command.parseArgs (/Users/olivierbossel/data/web/coffeekraken/coffeekraken/terminal/monorepo/node_modules/commander/index.js:799:12)[39m
[31m    at Command.parse (/Users/olivierbossel/data/web/coffeekraken/coffeekraken/terminal/monorepo/node_modules/commander/index.js:563:21)[39m
[31m    at Object.<anonymous> (/Users/olivierbossel/data/web/coffeekraken/coffeekraken/terminal/monorepo/bin/coffeekraken-monorepo.js:90:11)[39m
[31m    at Module._compile (internal/modules/cjs/loader.js:959:30)[39m
[31m    at Object.Module._extensions..js (internal/modules/cjs/loader.js:995:10)[39m
[31m    at Module.load (internal/modules/cjs/loader.js:815:32)[39m
[31m    at Function.Module._load (internal/modules/cjs/loader.js:727:14)[39m
