[33mⓘ Generating the javascript files...[39m
[33mⓘ Generating the javascript files...[39m
[33mⓘ Generating the javascript files...[39m
[33mⓘ Generating the javascript files...[39m
[35m⚠ No file with name "*.bundle.js" has been found...[39m
[35m⚠ No file with name "*.bundle.js" has been found...[39m
[35m⚠ No file with name "*.bundle.js" has been found...[39m
[35m⚠ No file with name "*.bundle.js" has been found...[39m
[35m⚠ No file with name "*.bundle.js" has been found...[39m
[35m⚠ No file with name "*.bundle.js" has been found...[39m
[33mⓘ Generating the javascript bundles...[39m
[33mⓘ Generating the javascript bundles...[39m
[33mⓘ Generating the javascript bundles...[39m
[33mⓘ Generating the javascript bundles...[39m
[33mⓘ Generating the javascript bundles...[39m
[33mⓘ Generating the javascript files...[39m
[33mⓘ Generating the css file(s)...[39m
[33mⓘ Generating the javascript files...[39m
[33mⓘ Generating the css file(s)...[39m
[33mⓘ Generating the javascript files...[39m
[33mⓘ Generating the javascript bundles...[39m
[33mⓘ Generating the javascript files...[39m
[33mⓘ Generating the javascript bundles...[39m
[33mⓘ Generating the css file(s)...[39m
[33mⓘ Getting the source folder "demo/src/img" size...[39m
[33mⓘ Compressing images from folder "demo/src/img"...[39m
[33mⓘ Getting the output folder "demo/dist/img" size...[39m
