# 2020-03-10T17:34:31.071Z
# 

###############################################################################################################################################################
coffeekraken

We are a young collectve of front-end creative developers with one goal in mind. Build tools to make every team working day life better

Author: Coffeekraken <hello@coffeekraken.io>
Homepage: https://github.com/Coffeekraken/coffeekraken#readme
Version: 1.0.0
License: MIT
Keywords: coffee,kraken,coffeekraken
Contributors: Olivier Bossel <olivier.bossel@gmail.com>

###############################################################################################################################################################


# 2020-03-10T17:34:05.076Z
# 

###############################################################################################################################################################
coffeekraken

We are a young collectve of front-end creative developers with one goal in mind. Build tools to make every team working day life better

Author: Coffeekraken <hello@coffeekraken.io>
Homepage: https://github.com/Coffeekraken/coffeekraken#readme
Version: 1.0.0
License: MIT
Keywords: coffee,kraken,coffeekraken
Contributors: Olivier Bossel <olivier.bossel@gmail.com>

###############################################################################################################################################################


# 2020-03-10T17:33:18.236Z
# 

###############################################################################################################################################################
coffeekraken

We are a young collectve of front-end creative developers with one goal in mind. Build tools to make every team working day life better

Author: Coffeekraken <hello@coffeekraken.io>
Homepage: https://github.com/Coffeekraken/coffeekraken#readme
Version: 1.0.0
License: MIT
Keywords: coffee,kraken,coffeekraken
Contributors: Olivier Bossel <olivier.bossel@gmail.com>

###############################################################################################################################################################


# 2020-03-10T17:32:31.378Z
# 

###############################################################################################################################################################
coffeekraken

We are a young collectve of front-end creative developers with one goal in mind. Build tools to make every team working day life better

Author: Coffeekraken <hello@coffeekraken.io>
Homepage: https://github.com/Coffeekraken/coffeekraken#readme
Version: 1.0.0
License: MIT
Keywords: coffee,kraken,coffeekraken
Contributors: Olivier Bossel <olivier.bossel@gmail.com>

###############################################################################################################################################################


# 2020-03-10T17:32:19.648Z
# 

###############################################################################################################################################################
coffeekraken

We are a young collectve of front-end creative developers with one goal in mind. Build tools to make every team working day life better

Author: Coffeekraken <hello@coffeekraken.io>
Homepage: https://github.com/Coffeekraken/coffeekraken#readme
Version: 1.0.0
License: MIT
Keywords: coffee,kraken,coffeekraken
Contributors: Olivier Bossel <olivier.bossel@gmail.com>

###############################################################################################################################################################


# 2020-03-10T17:32:05.904Z
# 

###############################################################################################################################################################
coffeekraken

We are a young collectve of front-end creative developers with one goal in mind. Build tools to make every team working day life better

Author: Coffeekraken <hello@coffeekraken.io>
Homepage: https://github.com/Coffeekraken/coffeekraken#readme
Version: 1.0.0
License: MIT
Keywords: coffee,kraken,coffeekraken
Contributors: Olivier Bossel <olivier.bossel@gmail.com>

###############################################################################################################################################################


# 2020-03-10T17:31:54.163Z
# 

###############################################################################################################################################################
coffeekraken

We are a young collectve of front-end creative developers with one goal in mind. Build tools to make every team working day life better

Author: Coffeekraken <hello@coffeekraken.io>
Homepage: https://github.com/Coffeekraken/coffeekraken#readme
Version: 1.0.0
License: MIT
Keywords: coffee,kraken,coffeekraken
Contributors: Olivier Bossel <olivier.bossel@gmail.com>

###############################################################################################################################################################


# 2020-03-10T17:31:05.379Z
# 

###############################################################################################################################################################
coffeekraken

We are a young collectve of front-end creative developers with one goal in mind. Build tools to make every team working day life better

Author: Coffeekraken <hello@coffeekraken.io>
Homepage: https://github.com/Coffeekraken/coffeekraken#readme
Version: 1.0.0
License: MIT
Keywords: coffee,kraken,coffeekraken
Contributors: Olivier Bossel <olivier.bossel@gmail.com>

###############################################################################################################################################################


# 2020-03-10T17:30:32.059Z
# 

###############################################################################################################################################################
coffeekraken

We are a young collectve of front-end creative developers with one goal in mind. Build tools to make every team working day life better

Author: Coffeekraken <hello@coffeekraken.io>
Homepage: https://github.com/Coffeekraken/coffeekraken#readme
Version: 1.0.0
License: MIT
Keywords: coffee,kraken,coffeekraken
Contributors: Olivier Bossel <olivier.bossel@gmail.com>

###############################################################################################################################################################


# 2020-03-10T17:28:45.966Z
# 

###############################################################################################################################################################
coffeekraken

We are a young collectve of front-end creative developers with one goal in mind. Build tools to make every team working day life better

Author: Coffeekraken <hello@coffeekraken.io>
Homepage: https://github.com/Coffeekraken/coffeekraken#readme
Version: 1.0.0
License: MIT
Keywords: coffee,kraken,coffeekraken
Contributors: Olivier Bossel <olivier.bossel@gmail.com>

###############################################################################################################################################################


# 2020-03-10T17:28:12.935Z
# 

###############################################################################################################################################################
coffeekraken

We are a young collectve of front-end creative developers with one goal in mind. Build tools to make every team working day life better

Author: Coffeekraken <hello@coffeekraken.io>
Homepage: https://github.com/Coffeekraken/coffeekraken#readme
Version: 1.0.0
License: MIT
Keywords: coffee,kraken,coffeekraken
Contributors: Olivier Bossel <olivier.bossel@gmail.com>

###############################################################################################################################################################


# 2020-03-10T17:28:05.596Z
# 

###############################################################################################################################################################
coffeekraken

We are a young collectve of front-end creative developers with one goal in mind. Build tools to make every team working day life better

Author: Coffeekraken <hello@coffeekraken.io>
Homepage: https://github.com/Coffeekraken/coffeekraken#readme
Version: 1.0.0
License: MIT
Keywords: coffee,kraken,coffeekraken
Contributors: Olivier Bossel <olivier.bossel@gmail.com>

###############################################################################################################################################################


# 2020-03-10T17:27:46.213Z
# 

###############################################################################################################################################################
coffeekraken

We are a young collectve of front-end creative developers with one goal in mind. Build tools to make every team working day life better

Author: Coffeekraken <hello@coffeekraken.io>
Homepage: https://github.com/Coffeekraken/coffeekraken#readme
Version: 1.0.0
License: MIT
Keywords: coffee,kraken,coffeekraken
Contributors: Olivier Bossel <olivier.bossel@gmail.com>

###############################################################################################################################################################


# 2020-03-10T17:27:28.823Z
# 

###############################################################################################################################################################
coffeekraken

We are a young collectve of front-end creative developers with one goal in mind. Build tools to make every team working day life better

Author: Coffeekraken <hello@coffeekraken.io>
Homepage: https://github.com/Coffeekraken/coffeekraken#readme
Version: 1.0.0
License: MIT
Keywords: coffee,kraken,coffeekraken
Contributors: Olivier Bossel <olivier.bossel@gmail.com>

###############################################################################################################################################################


# 2020-03-10T17:25:38.647Z
# 

###############################################################################################################################################################
coffeekraken

We are a young collectve of front-end creative developers with one goal in mind. Build tools to make every team working day life better

Author: Coffeekraken <hello@coffeekraken.io>
Homepage: https://github.com/Coffeekraken/coffeekraken#readme
Version: 1.0.0
License: MIT
Keywords: coffee,kraken,coffeekraken
Contributors: Olivier Bossel <olivier.bossel@gmail.com>

###############################################################################################################################################################


# 2020-03-10T17:25:20.186Z
# 

###############################################################################################################################################################
coffeekraken

We are a young collectve of front-end creative developers with one goal in mind. Build tools to make every team working day life better

Author: Coffeekraken <hello@coffeekraken.io>
Homepage: https://github.com/Coffeekraken/coffeekraken#readme
Version: 1.0.0
License: MIT
Keywords: coffee,kraken,coffeekraken
Contributors: Olivier Bossel <olivier.bossel@gmail.com>

###############################################################################################################################################################


# 2020-03-10T17:23:47.634Z
# 

###############################################################################################################################################################
coffeekraken

We are a young collectve of front-end creative developers with one goal in mind. Build tools to make every team working day life better

Author: Coffeekraken <hello@coffeekraken.io>
Homepage: https://github.com/Coffeekraken/coffeekraken#readme
Version: 1.0.0
License: MIT
Keywords: coffee,kraken,coffeekraken
Contributors: Olivier Bossel <olivier.bossel@gmail.com>

###############################################################################################################################################################


# 2020-03-10T17:23:17.355Z
# 

###############################################################################################################################################################
coffeekraken

We are a young collectve of front-end creative developers with one goal in mind. Build tools to make every team working day life better

Author: Coffeekraken <hello@coffeekraken.io>
Homepage: https://github.com/Coffeekraken/coffeekraken#readme
Version: 1.0.0
License: MIT
Keywords: coffee,kraken,coffeekraken
Contributors: Olivier Bossel <olivier.bossel@gmail.com>

###############################################################################################################################################################


# 2020-03-10T17:22:08.223Z
# 

###############################################################################################################################################################
coffeekraken

We are a young collectve of front-end creative developers with one goal in mind. Build tools to make every team working day life better

Author: Coffeekraken <hello@coffeekraken.io>
Homepage: https://github.com/Coffeekraken/coffeekraken#readme
Version: 1.0.0
License: MIT
Keywords: coffee,kraken,coffeekraken
Contributors: Olivier Bossel <olivier.bossel@gmail.com>

###############################################################################################################################################################


# 2020-03-10T17:21:31.437Z
# 

###############################################################################################################################################################
coffeekraken

We are a young collectve of front-end creative developers with one goal in mind. Build tools to make every team working day life better

Author: Coffeekraken <hello@coffeekraken.io>
Homepage: https://github.com/Coffeekraken/coffeekraken#readme
Version: 1.0.0
License: MIT
Keywords: coffee,kraken,coffeekraken
Contributors: Olivier Bossel <olivier.bossel@gmail.com>

###############################################################################################################################################################


# 2020-03-10T17:21:11.407Z
# 

###############################################################################################################################################################
coffeekraken

We are a young collectve of front-end creative developers with one goal in mind. Build tools to make every team working day life better

Author: Coffeekraken <hello@coffeekraken.io>
Homepage: https://github.com/Coffeekraken/coffeekraken#readme
Version: 1.0.0
License: MIT
Keywords: coffee,kraken,coffeekraken
Contributors: Olivier Bossel <olivier.bossel@gmail.com>

###############################################################################################################################################################


# 2020-03-10T17:20:29.184Z
# 

###############################################################################################################################################################
coffeekraken

We are a young collectve of front-end creative developers with one goal in mind. Build tools to make every team working day life better

Author: Coffeekraken <hello@coffeekraken.io>
Homepage: https://github.com/Coffeekraken/coffeekraken#readme
Version: 1.0.0
License: MIT
Keywords: coffee,kraken,coffeekraken
Contributors: Olivier Bossel <olivier.bossel@gmail.com>

###############################################################################################################################################################


# 2020-03-10T17:19:56.744Z
# 

###############################################################################################################################################################
coffeekraken

We are a young collectve of front-end creative developers with one goal in mind. Build tools to make every team working day life better

Author: Coffeekraken <hello@coffeekraken.io>
Homepage: https://github.com/Coffeekraken/coffeekraken#readme
Version: 1.0.0
License: MIT
Keywords: coffee,kraken,coffeekraken
Contributors: Olivier Bossel <olivier.bossel@gmail.com>

###############################################################################################################################################################


# 2020-03-10T17:19:09.979Z
# 

###############################################################################################################################################################
coffeekraken

We are a young collectve of front-end creative developers with one goal in mind. Build tools to make every team working day life better

Author: Coffeekraken <hello@coffeekraken.io>
Homepage: https://github.com/Coffeekraken/coffeekraken#readme
Version: 1.0.0
License: MIT
Keywords: coffee,kraken,coffeekraken
Contributors: Olivier Bossel <olivier.bossel@gmail.com>

###############################################################################################################################################################


# 2020-03-10T17:15:06.308Z
# 

###############################################################################################################################################################
coffeekraken

We are a young collectve of front-end creative developers with one goal in mind. Build tools to make every team working day life better

Author: Coffeekraken <hello@coffeekraken.io>
Homepage: https://github.com/Coffeekraken/coffeekraken#readme
Version: 1.0.0
License: MIT
Keywords: coffee,kraken,coffeekraken
Contributors: Olivier Bossel <olivier.bossel@gmail.com>

###############################################################################################################################################################


# 2020-03-10T17:14:48.927Z
# 

###############################################################################################################################################################
coffeekraken

We are a young collectve of front-end creative developers with one goal in mind. Build tools to make every team working day life better

Author: Coffeekraken <hello@coffeekraken.io>
Homepage: https://github.com/Coffeekraken/coffeekraken#readme
Version: 1.0.0
License: MIT
Keywords: coffee,kraken,coffeekraken
Contributors: Olivier Bossel <olivier.bossel@gmail.com>

###############################################################################################################################################################


# 2020-03-10T16:58:37.105Z
# 

###############################################################################################################################################################
coffeekraken

We are a young collectve of front-end creative developers with one goal in mind. Build tools to make every team working day life better

Author: Coffeekraken <hello@coffeekraken.io>
Homepage: https://github.com/Coffeekraken/coffeekraken#readme
Version: 1.0.0
License: MIT
Keywords: coffee,kraken,coffeekraken
Contributors: Olivier Bossel <olivier.bossel@gmail.com>

###############################################################################################################################################################


# 2020-03-10T16:58:21.774Z
# 

###############################################################################################################################################################
coffeekraken

We are a young collectve of front-end creative developers with one goal in mind. Build tools to make every team working day life better

Author: Coffeekraken <hello@coffeekraken.io>
Homepage: https://github.com/Coffeekraken/coffeekraken#readme
Version: 1.0.0
License: MIT
Keywords: coffee,kraken,coffeekraken
Contributors: Olivier Bossel <olivier.bossel@gmail.com>

###############################################################################################################################################################


# 2020-03-10T16:58:09.355Z
# 

###############################################################################################################################################################
coffeekraken

We are a young collectve of front-end creative developers with one goal in mind. Build tools to make every team working day life better

Author: Coffeekraken <hello@coffeekraken.io>
Homepage: https://github.com/Coffeekraken/coffeekraken#readme
Version: 1.0.0
License: MIT
Keywords: coffee,kraken,coffeekraken
Contributors: Olivier Bossel <olivier.bossel@gmail.com>

###############################################################################################################################################################


# 2020-03-10T16:57:25.954Z
# 

###############################################################################################################################################################
coffeekraken

We are a young collectve of front-end creative developers with one goal in mind. Build tools to make every team working day life better

Author: Coffeekraken <hello@coffeekraken.io>
Homepage: https://github.com/Coffeekraken/coffeekraken#readme
Version: 1.0.0
License: MIT
Keywords: coffee,kraken,coffeekraken
Contributors: Olivier Bossel <olivier.bossel@gmail.com>

###############################################################################################################################################################


# 2020-03-10T16:56:48.594Z
# 

###############################################################################################################################################################
coffeekraken

We are a young collectve of front-end creative developers with one goal in mind. Build tools to make every team working day life better

Author: Coffeekraken <hello@coffeekraken.io>
Homepage: https://github.com/Coffeekraken/coffeekraken#readme
Version: 1.0.0
License: MIT
Keywords: coffee,kraken,coffeekraken
Contributors: Olivier Bossel <olivier.bossel@gmail.com>

###############################################################################################################################################################


# 2020-03-10T16:55:35.435Z
# 

###############################################################################################################################################################
coffeekraken

We are a young collectve of front-end creative developers with one goal in mind. Build tools to make every team working day life better

Author: Coffeekraken <hello@coffeekraken.io>
Homepage: https://github.com/Coffeekraken/coffeekraken#readme
Version: 1.0.0
License: MIT
Keywords: coffee,kraken,coffeekraken
Contributors: Olivier Bossel <olivier.bossel@gmail.com>

###############################################################################################################################################################


# 2020-03-10T16:54:45.343Z
# 

###############################################################################################################################################################
coffeekraken

We are a young collectve of front-end creative developers with one goal in mind. Build tools to make every team working day life better

Author: Coffeekraken <hello@coffeekraken.io>
Homepage: https://github.com/Coffeekraken/coffeekraken#readme
Version: 1.0.0
License: MIT
Keywords: coffee,kraken,coffeekraken
Contributors: Olivier Bossel <olivier.bossel@gmail.com>

###############################################################################################################################################################


# 2020-03-10T16:54:12.715Z
# 

###############################################################################################################################################################
coffeekraken

We are a young collectve of front-end creative developers with one goal in mind. Build tools to make every team working day life better

Author: Coffeekraken <hello@coffeekraken.io>
Homepage: https://github.com/Coffeekraken/coffeekraken#readme
Version: 1.0.0
License: MIT
Keywords: coffee,kraken,coffeekraken
Contributors: Olivier Bossel <olivier.bossel@gmail.com>

###############################################################################################################################################################


# 2020-03-10T16:53:51.627Z
# 

###############################################################################################################################################################
coffeekraken

We are a young collectve of front-end creative developers with one goal in mind. Build tools to make every team working day life better

Author: Coffeekraken <hello@coffeekraken.io>
Homepage: https://github.com/Coffeekraken/coffeekraken#readme
Version: 1.0.0
License: MIT
Keywords: coffee,kraken,coffeekraken
Contributors: Olivier Bossel <olivier.bossel@gmail.com>

###############################################################################################################################################################


# 2020-03-10T16:53:32.319Z
# 

###############################################################################################################################################################
coffeekraken

We are a young collectve of front-end creative developers with one goal in mind. Build tools to make every team working day life better

Author: Coffeekraken <hello@coffeekraken.io>
Homepage: https://github.com/Coffeekraken/coffeekraken#readme
Version: 1.0.0
License: MIT
Keywords: coffee,kraken,coffeekraken
Contributors: Olivier Bossel <olivier.bossel@gmail.com>

###############################################################################################################################################################


# 2020-03-10T16:52:09.112Z
# 

###############################################################################################################################################################
coffeekraken

We are a young collectve of front-end creative developers with one goal in mind. Build tools to make every team working day life better

Author: Coffeekraken <hello@coffeekraken.io>
Homepage: https://github.com/Coffeekraken/coffeekraken#readme
Version: 1.0.0
License: MIT
Keywords: coffee,kraken,coffeekraken
Contributors: Olivier Bossel <olivier.bossel@gmail.com>

###############################################################################################################################################################


# 2020-03-10T16:52:03.717Z
# 

###############################################################################################################################################################
coffeekraken

We are a young collectve of front-end creative developers with one goal in mind. Build tools to make every team working day life better

Author: Coffeekraken <hello@coffeekraken.io>
Homepage: https://github.com/Coffeekraken/coffeekraken#readme
Version: 1.0.0
License: MIT
Keywords: coffee,kraken,coffeekraken
Contributors: Olivier Bossel <olivier.bossel@gmail.com>

###############################################################################################################################################################


# 2020-03-10T16:51:11.334Z
# 

###############################################################################################################################################################
coffeekraken

We are a young collectve of front-end creative developers with one goal in mind. Build tools to make every team working day life better

Author: Coffeekraken <hello@coffeekraken.io>
Homepage: https://github.com/Coffeekraken/coffeekraken#readme
Version: 1.0.0
License: MIT
Keywords: coffee,kraken,coffeekraken
Contributors: Olivier Bossel <olivier.bossel@gmail.com>

###############################################################################################################################################################


# 2020-03-10T16:49:43.069Z
# 

###############################################################################################################################################################
coffeekraken

We are a young collectve of front-end creative developers with one goal in mind. Build tools to make every team working day life better

Author: Coffeekraken <hello@coffeekraken.io>
Homepage: https://github.com/Coffeekraken/coffeekraken#readme
Version: 1.0.0
License: MIT
Keywords: coffee,kraken,coffeekraken
Contributors: Olivier Bossel <olivier.bossel@gmail.com>

###############################################################################################################################################################


# 2020-03-10T16:48:50.847Z
# 

###############################################################################################################################################################
coffeekraken

We are a young collectve of front-end creative developers with one goal in mind. Build tools to make every team working day life better

Author: Coffeekraken <hello@coffeekraken.io>
Homepage: https://github.com/Coffeekraken/coffeekraken#readme
Version: 1.0.0
License: MIT
Keywords: coffee,kraken,coffeekraken
Contributors: Olivier Bossel <olivier.bossel@gmail.com>

###############################################################################################################################################################


# 2020-03-10T16:45:41.638Z
# 

###############################################################################################################################################################
coffeekraken

We are a young collectve of front-end creative developers with one goal in mind. Build tools to make every team working day life better

Author: Coffeekraken <hello@coffeekraken.io>
Homepage: https://github.com/Coffeekraken/coffeekraken#readme
Version: 1.0.0
License: MIT
Keywords: coffee,kraken,coffeekraken
Contributors: Olivier Bossel <olivier.bossel@gmail.com>

###############################################################################################################################################################


# 2020-03-10T16:44:44.206Z
# 

###############################################################################################################################################################
coffeekraken

We are a young collectve of front-end creative developers with one goal in mind. Build tools to make every team working day life better

Author: Coffeekraken <hello@coffeekraken.io>
Homepage: https://github.com/Coffeekraken/coffeekraken#readme
Version: 1.0.0
License: MIT
Keywords: coffee,kraken,coffeekraken
Contributors: Olivier Bossel <olivier.bossel@gmail.com>

###############################################################################################################################################################


# 2020-03-10T16:43:38.062Z
# 

###############################################################################################################################################################
coffeekraken

We are a young collectve of front-end creative developers with one goal in mind. Build tools to make every team working day life better

Author: Coffeekraken <hello@coffeekraken.io>
Homepage: https://github.com/Coffeekraken/coffeekraken#readme
Version: 1.0.0
License: MIT
Keywords: coffee,kraken,coffeekraken
Contributors: Olivier Bossel <olivier.bossel@gmail.com>

###############################################################################################################################################################


# 2020-03-10T16:42:25.379Z
# 

###############################################################################################################################################################
coffeekraken

We are a young collectve of front-end creative developers with one goal in mind. Build tools to make every team working day life better

Author: Coffeekraken <hello@coffeekraken.io>
Homepage: https://github.com/Coffeekraken/coffeekraken#readme
Version: 1.0.0
License: MIT
Keywords: coffee,kraken,coffeekraken
Contributors: Olivier Bossel <olivier.bossel@gmail.com>

###############################################################################################################################################################


# 2020-03-10T16:33:44.205Z
# 

###############################################################################################################################################################
coffeekraken

We are a young collectve of front-end creative developers with one goal in mind. Build tools to make every team working day life better

Author: Coffeekraken <hello@coffeekraken.io>
Homepage: https://github.com/Coffeekraken/coffeekraken#readme
Version: 1.0.0
License: MIT
Keywords: coffee,kraken,coffeekraken
Contributors: Olivier Bossel <olivier.bossel@gmail.com>

###############################################################################################################################################################


# 2020-03-10T16:33:09.207Z
# 

###############################################################################################################################################################
coffeekraken

We are a young collectve of front-end creative developers with one goal in mind. Build tools to make every team working day life better

Author: Coffeekraken <hello@coffeekraken.io>
Homepage: https://github.com/Coffeekraken/coffeekraken#readme
Version: 1.0.0
License: MIT
Keywords: coffee,kraken,coffeekraken
Contributors: Olivier Bossel <olivier.bossel@gmail.com>

###############################################################################################################################################################


# 2020-03-10T16:32:14.592Z
# 

###############################################################################################################################################################
coffeekraken

We are a young collectve of front-end creative developers with one goal in mind. Build tools to make every team working day life better

Author: Coffeekraken <hello@coffeekraken.io>
Homepage: https://github.com/Coffeekraken/coffeekraken#readme
Version: 1.0.0
License: MIT
Keywords: coffee,kraken,coffeekraken
Contributors: Olivier Bossel <olivier.bossel@gmail.com>

###############################################################################################################################################################


# 2020-03-10T16:31:52.830Z
# 

###############################################################################################################################################################
coffeekraken

We are a young collectve of front-end creative developers with one goal in mind. Build tools to make every team working day life better

Author: Coffeekraken <hello@coffeekraken.io>
Homepage: https://github.com/Coffeekraken/coffeekraken#readme
Version: 1.0.0
License: MIT
Keywords: coffee,kraken,coffeekraken
Contributors: Olivier Bossel <olivier.bossel@gmail.com>

###############################################################################################################################################################


# 2020-03-10T16:31:25.778Z
# 

###############################################################################################################################################################
coffeekraken

We are a young collectve of front-end creative developers with one goal in mind. Build tools to make every team working day life better

Author: Coffeekraken <hello@coffeekraken.io>
Homepage: https://github.com/Coffeekraken/coffeekraken#readme
Version: 1.0.0
License: MIT
Keywords: coffee,kraken,coffeekraken
Contributors: Olivier Bossel <olivier.bossel@gmail.com>

###############################################################################################################################################################


# 2020-03-10T16:31:00.466Z
# 

###############################################################################################################################################################
coffeekraken

We are a young collectve of front-end creative developers with one goal in mind. Build tools to make every team working day life better

Author: Coffeekraken <hello@coffeekraken.io>
Homepage: https://github.com/Coffeekraken/coffeekraken#readme
Version: 1.0.0
License: MIT
Keywords: coffee,kraken,coffeekraken
Contributors: Olivier Bossel <olivier.bossel@gmail.com>

###############################################################################################################################################################


# 2020-03-10T16:30:47.094Z
# 

###############################################################################################################################################################
coffeekraken

We are a young collectve of front-end creative developers with one goal in mind. Build tools to make every team working day life better

Author: Coffeekraken <hello@coffeekraken.io>
Homepage: https://github.com/Coffeekraken/coffeekraken#readme
Version: 1.0.0
License: MIT
Keywords: coffee,kraken,coffeekraken
Contributors: Olivier Bossel <olivier.bossel@gmail.com>

###############################################################################################################################################################


# 2020-03-10T16:30:13.733Z
# 

###############################################################################################################################################################
coffeekraken

We are a young collectve of front-end creative developers with one goal in mind. Build tools to make every team working day life better

Author: Coffeekraken <hello@coffeekraken.io>
Homepage: https://github.com/Coffeekraken/coffeekraken#readme
Version: 1.0.0
License: MIT
Keywords: coffee,kraken,coffeekraken
Contributors: Olivier Bossel <olivier.bossel@gmail.com>

###############################################################################################################################################################


# 2020-03-10T16:29:33.291Z
# 

###############################################################################################################################################################
coffeekraken

We are a young collectve of front-end creative developers with one goal in mind. Build tools to make every team working day life better

Author: Coffeekraken <hello@coffeekraken.io>
Homepage: https://github.com/Coffeekraken/coffeekraken#readme
Version: 1.0.0
License: MIT
Keywords: coffee,kraken,coffeekraken
Contributors: Olivier Bossel <olivier.bossel@gmail.com>

###############################################################################################################################################################


# 2020-03-10T16:22:41.416Z
# 

###############################################################################################################################################################
coffeekraken

We are a young collectve of front-end creative developers with one goal in mind. Build tools to make every team working day life better

Author: Coffeekraken <hello@coffeekraken.io>
Homepage: https://github.com/Coffeekraken/coffeekraken#readme
Version: 1.0.0
License: MIT
Keywords: coffee,kraken,coffeekraken
Contributors: Olivier Bossel <olivier.bossel@gmail.com>

###############################################################################################################################################################


# 2020-03-10T16:22:07.101Z
# 

###############################################################################################################################################################
coffeekraken

We are a young collectve of front-end creative developers with one goal in mind. Build tools to make every team working day life better

Author: Coffeekraken <hello@coffeekraken.io>
Homepage: https://github.com/Coffeekraken/coffeekraken#readme
Version: 1.0.0
License: MIT
Keywords: coffee,kraken,coffeekraken
Contributors: Olivier Bossel <olivier.bossel@gmail.com>

###############################################################################################################################################################


# 2020-03-10T16:22:03.590Z
# 

###############################################################################################################################################################
coffeekraken

We are a young collectve of front-end creative developers with one goal in mind. Build tools to make every team working day life better

Author: Coffeekraken <hello@coffeekraken.io>
Homepage: https://github.com/Coffeekraken/coffeekraken#readme
Version: 1.0.0
License: MIT
Keywords: coffee,kraken,coffeekraken
Contributors: Olivier Bossel <olivier.bossel@gmail.com>

###############################################################################################################################################################


# 2020-03-10T16:20:05.799Z
# 

###############################################################################################################################################################
coffeekraken

We are a young collectve of front-end creative developers with one goal in mind. Build tools to make every team working day life better

Author: Coffeekraken <hello@coffeekraken.io>
Homepage: https://github.com/Coffeekraken/coffeekraken#readme
Version: 1.0.0
License: MIT
Keywords: coffee,kraken,coffeekraken
Contributors: Olivier Bossel <olivier.bossel@gmail.com>

###############################################################################################################################################################


# 2020-03-10T16:19:47.841Z
# 

###############################################################################################################################################################
coffeekraken

We are a young collectve of front-end creative developers with one goal in mind. Build tools to make every team working day life better

Author: Coffeekraken <hello@coffeekraken.io>
Homepage: https://github.com/Coffeekraken/coffeekraken#readme
Version: 1.0.0
License: MIT
Keywords: coffee,kraken,coffeekraken
Contributors: Olivier Bossel <olivier.bossel@gmail.com>

###############################################################################################################################################################


# 2020-03-10T16:17:22.701Z
# 

###############################################################################################################################################################
coffeekraken

We are a young collectve of front-end creative developers with one goal in mind. Build tools to make every team working day life better

Author: Coffeekraken <hello@coffeekraken.io>
Homepage: https://github.com/Coffeekraken/coffeekraken#readme
Version: 1.0.0
License: MIT
Keywords: coffee,kraken,coffeekraken
Contributors: Olivier Bossel <olivier.bossel@gmail.com>

###############################################################################################################################################################


# 2020-03-10T16:16:09.025Z
# 

###############################################################################################################################################################
coffeekraken

We are a young collectve of front-end creative developers with one goal in mind. Build tools to make every team working day life better

Author: Coffeekraken <hello@coffeekraken.io>
Homepage: https://github.com/Coffeekraken/coffeekraken#readme
Version: 1.0.0
License: MIT
Keywords: coffee,kraken,coffeekraken
Contributors: Olivier Bossel <olivier.bossel@gmail.com>

###############################################################################################################################################################


# 2020-03-10T16:14:39.772Z
# 

###############################################################################################################################################################
coffeekraken

We are a young collectve of front-end creative developers with one goal in mind. Build tools to make every team working day life better

Author: Coffeekraken <hello@coffeekraken.io>
Homepage: https://github.com/Coffeekraken/coffeekraken#readme
Version: 1.0.0
License: MIT
Keywords: coffee,kraken,coffeekraken
Contributors: Olivier Bossel <olivier.bossel@gmail.com>

###############################################################################################################################################################


# 2020-03-10T16:13:44.051Z
# 

###############################################################################################################################################################
coffeekraken

We are a young collectve of front-end creative developers with one goal in mind. Build tools to make every team working day life better

Author: Coffeekraken <hello@coffeekraken.io>
Homepage: https://github.com/Coffeekraken/coffeekraken#readme
Version: 1.0.0
License: MIT
Keywords: coffee,kraken,coffeekraken
Contributors: Olivier Bossel <olivier.bossel@gmail.com>

###############################################################################################################################################################


# 2020-03-10T16:13:16.399Z
# 

###############################################################################################################################################################
coffeekraken

We are a young collectve of front-end creative developers with one goal in mind. Build tools to make every team working day life better

Author: Coffeekraken <hello@coffeekraken.io>
Homepage: https://github.com/Coffeekraken/coffeekraken#readme
Version: 1.0.0
License: MIT
Keywords: coffee,kraken,coffeekraken
Contributors: Olivier Bossel <olivier.bossel@gmail.com>

###############################################################################################################################################################


# 2020-03-10T16:12:45.646Z
# 

###############################################################################################################################################################
coffeekraken

We are a young collectve of front-end creative developers with one goal in mind. Build tools to make every team working day life better

Author: Coffeekraken <hello@coffeekraken.io>
Homepage: https://github.com/Coffeekraken/coffeekraken#readme
Version: 1.0.0
License: MIT
Keywords: coffee,kraken,coffeekraken
Contributors: Olivier Bossel <olivier.bossel@gmail.com>

###############################################################################################################################################################


# 2020-03-10T16:12:23.037Z
# 

###############################################################################################################################################################
coffeekraken

We are a young collectve of front-end creative developers with one goal in mind. Build tools to make every team working day life better

Author: Coffeekraken <hello@coffeekraken.io>
Homepage: https://github.com/Coffeekraken/coffeekraken#readme
Version: 1.0.0
License: MIT
Keywords: coffee,kraken,coffeekraken
Contributors: Olivier Bossel <olivier.bossel@gmail.com>

###############################################################################################################################################################


# 2020-03-10T16:08:55.816Z
# 

###############################################################################################################################################################
coffeekraken

We are a young collectve of front-end creative developers with one goal in mind. Build tools to make every team working day life better

Author: Coffeekraken <hello@coffeekraken.io>
Homepage: https://github.com/Coffeekraken/coffeekraken#readme
Version: 1.0.0
License: MIT
Keywords: coffee,kraken,coffeekraken
Contributors: Olivier Bossel <olivier.bossel@gmail.com>

###############################################################################################################################################################


# 2020-03-10T16:07:21.883Z
# 

###############################################################################################################################################################
coffeekraken

We are a young collectve of front-end creative developers with one goal in mind. Build tools to make every team working day life better

Author: Coffeekraken <hello@coffeekraken.io>
Homepage: https://github.com/Coffeekraken/coffeekraken#readme
Version: 1.0.0
License: MIT
Keywords: coffee,kraken,coffeekraken
Contributors: Olivier Bossel <olivier.bossel@gmail.com>

###############################################################################################################################################################


# 2020-03-10T16:06:15.767Z
# 

###############################################################################################################################################################
coffeekraken

We are a young collectve of front-end creative developers with one goal in mind. Build tools to make every team working day life better

Author: Coffeekraken <hello@coffeekraken.io>
Homepage: https://github.com/Coffeekraken/coffeekraken#readme
Version: 1.0.0
License: MIT
Keywords: coffee,kraken,coffeekraken
Contributors: Olivier Bossel <olivier.bossel@gmail.com>

###############################################################################################################################################################


# 2020-03-10T16:04:56.682Z
# 

###############################################################################################################################################################
coffeekraken

We are a young collectve of front-end creative developers with one goal in mind. Build tools to make every team working day life better

Author: Coffeekraken <hello@coffeekraken.io>
Homepage: https://github.com/Coffeekraken/coffeekraken#readme
Version: 1.0.0
License: MIT
Keywords: coffee,kraken,coffeekraken
Contributors: Olivier Bossel <olivier.bossel@gmail.com>

###############################################################################################################################################################


# 2020-03-10T16:04:09.675Z
# 

###############################################################################################################################################################
coffeekraken

We are a young collectve of front-end creative developers with one goal in mind. Build tools to make every team working day life better

Author: Coffeekraken <hello@coffeekraken.io>
Homepage: https://github.com/Coffeekraken/coffeekraken#readme
Version: 1.0.0
License: MIT
Keywords: coffee,kraken,coffeekraken
Contributors: Olivier Bossel <olivier.bossel@gmail.com>

###############################################################################################################################################################


# 2020-03-10T16:02:55.097Z
# 

###############################################################################################################################################################
coffeekraken

We are a young collectve of front-end creative developers with one goal in mind. Build tools to make every team working day life better

Author: Coffeekraken <hello@coffeekraken.io>
Homepage: https://github.com/Coffeekraken/coffeekraken#readme
Version: 1.0.0
License: MIT
Keywords: coffee,kraken,coffeekraken
Contributors: Olivier Bossel <olivier.bossel@gmail.com>

###############################################################################################################################################################


# 2020-03-10T16:01:18.085Z
# 

###############################################################################################################################################################
coffeekraken

We are a young collectve of front-end creative developers with one goal in mind. Build tools to make every team working day life better

Author: Coffeekraken <hello@coffeekraken.io>
Homepage: https://github.com/Coffeekraken/coffeekraken#readme
Version: 1.0.0
License: MIT
Keywords: coffee,kraken,coffeekraken
Contributors: Olivier Bossel <olivier.bossel@gmail.com>

###############################################################################################################################################################


# 2020-03-10T16:00:06.398Z
# 

###############################################################################################################################################################
coffeekraken

We are a young collectve of front-end creative developers with one goal in mind. Build tools to make every team working day life better

Author: Coffeekraken <hello@coffeekraken.io>
Homepage: https://github.com/Coffeekraken/coffeekraken#readme
Version: 1.0.0
License: MIT
Keywords: coffee,kraken,coffeekraken
Contributors: Olivier Bossel <olivier.bossel@gmail.com>

###############################################################################################################################################################


# 2020-03-10T16:00:02.406Z
# 

###############################################################################################################################################################
coffeekraken

We are a young collectve of front-end creative developers with one goal in mind. Build tools to make every team working day life better

Author: Coffeekraken <hello@coffeekraken.io>
Homepage: https://github.com/Coffeekraken/coffeekraken#readme
Version: 1.0.0
License: MIT
Keywords: coffee,kraken,coffeekraken
Contributors: Olivier Bossel <olivier.bossel@gmail.com>

###############################################################################################################################################################


# 2020-03-10T15:59:03.549Z
# 

###############################################################################################################################################################
coffeekraken

We are a young collectve of front-end creative developers with one goal in mind. Build tools to make every team working day life better

Author: Coffeekraken <hello@coffeekraken.io>
Homepage: https://github.com/Coffeekraken/coffeekraken#readme
Version: 1.0.0
License: MIT
Keywords: coffee,kraken,coffeekraken
Contributors: Olivier Bossel <olivier.bossel@gmail.com>

###############################################################################################################################################################


# 2020-03-10T15:56:28.342Z
# 

###############################################################################################################################################################
coffeekraken

We are a young collectve of front-end creative developers with one goal in mind. Build tools to make every team working day life better

Author: Coffeekraken <hello@coffeekraken.io>
Homepage: https://github.com/Coffeekraken/coffeekraken#readme
Version: 1.0.0
License: MIT
Keywords: coffee,kraken,coffeekraken
Contributors: Olivier Bossel <olivier.bossel@gmail.com>

###############################################################################################################################################################


# 2020-03-10T15:55:16.232Z
# 

###############################################################################################################################################################
coffeekraken

We are a young collectve of front-end creative developers with one goal in mind. Build tools to make every team working day life better

Author: Coffeekraken <hello@coffeekraken.io>
Homepage: https://github.com/Coffeekraken/coffeekraken#readme
Version: 1.0.0
License: MIT
Keywords: coffee,kraken,coffeekraken
Contributors: Olivier Bossel <olivier.bossel@gmail.com>

###############################################################################################################################################################


# 2020-03-10T15:52:05.336Z
# 

###############################################################################################################################################################
coffeekraken

We are a young collectve of front-end creative developers with one goal in mind. Build tools to make every team working day life better

Author: Coffeekraken <hello@coffeekraken.io>
Homepage: https://github.com/Coffeekraken/coffeekraken#readme
Version: 1.0.0
License: MIT
Keywords: coffee,kraken,coffeekraken
Contributors: Olivier Bossel <olivier.bossel@gmail.com>

###############################################################################################################################################################


# 2020-03-10T15:51:30.108Z
# 

###############################################################################################################################################################
coffeekraken

We are a young collectve of front-end creative developers with one goal in mind. Build tools to make every team working day life better

Author: Coffeekraken <hello@coffeekraken.io>
Homepage: https://github.com/Coffeekraken/coffeekraken#readme
Version: 1.0.0
License: MIT
Keywords: coffee,kraken,coffeekraken
Contributors: Olivier Bossel <olivier.bossel@gmail.com>

###############################################################################################################################################################


# 2020-03-10T15:46:12.133Z
# 

###############################################################################################################################################################
coffeekraken

We are a young collectve of front-end creative developers with one goal in mind. Build tools to make every team working day life better

Author: Coffeekraken <hello@coffeekraken.io>
Homepage: https://github.com/Coffeekraken/coffeekraken#readme
Version: 1.0.0
License: MIT
Keywords: coffee,kraken,coffeekraken
Contributors: Olivier Bossel <olivier.bossel@gmail.com>

###############################################################################################################################################################


# 2020-03-10T15:45:49.546Z
# 

###############################################################################################################################################################
coffeekraken

We are a young collectve of front-end creative developers with one goal in mind. Build tools to make every team working day life better

Author: Coffeekraken <hello@coffeekraken.io>
Homepage: https://github.com/Coffeekraken/coffeekraken#readme
Version: 1.0.0
License: MIT
Keywords: coffee,kraken,coffeekraken
Contributors: Olivier Bossel <olivier.bossel@gmail.com>

###############################################################################################################################################################


# 2020-03-10T15:45:24.720Z
# 

###############################################################################################################################################################
coffeekraken

We are a young collectve of front-end creative developers with one goal in mind. Build tools to make every team working day life better

Author: Coffeekraken <hello@coffeekraken.io>
Homepage: https://github.com/Coffeekraken/coffeekraken#readme
Version: 1.0.0
License: MIT
Keywords: coffee,kraken,coffeekraken
Contributors: Olivier Bossel <olivier.bossel@gmail.com>

###############################################################################################################################################################


# 2020-03-10T15:44:35.647Z
# 

###############################################################################################################################################################
coffeekraken

We are a young collectve of front-end creative developers with one goal in mind. Build tools to make every team working day life better

Author: Coffeekraken <hello@coffeekraken.io>
Homepage: https://github.com/Coffeekraken/coffeekraken#readme
Version: 1.0.0
License: MIT
Keywords: coffee,kraken,coffeekraken
Contributors: Olivier Bossel <olivier.bossel@gmail.com>

###############################################################################################################################################################


# 2020-03-10T15:43:40.147Z
# 

###############################################################################################################################################################
coffeekraken

We are a young collectve of front-end creative developers with one goal in mind. Build tools to make every team working day life better

Author: Coffeekraken <hello@coffeekraken.io>
Homepage: https://github.com/Coffeekraken/coffeekraken#readme
Version: 1.0.0
License: MIT
Keywords: coffee,kraken,coffeekraken
Contributors: Olivier Bossel <olivier.bossel@gmail.com>

###############################################################################################################################################################


# 2020-03-10T15:42:23.873Z
# 

###############################################################################################################################################################
coffeekraken

We are a young collectve of front-end creative developers with one goal in mind. Build tools to make every team working day life better

Author: Coffeekraken <hello@coffeekraken.io>
Homepage: https://github.com/Coffeekraken/coffeekraken#readme
Version: 1.0.0
License: MIT
Keywords: coffee,kraken,coffeekraken
Contributors: Olivier Bossel <olivier.bossel@gmail.com>

###############################################################################################################################################################


# 2020-03-10T15:42:04.916Z
# 

###############################################################################################################################################################
coffeekraken

We are a young collectve of front-end creative developers with one goal in mind. Build tools to make every team working day life better

Author: Coffeekraken <hello@coffeekraken.io>
Homepage: https://github.com/Coffeekraken/coffeekraken#readme
Version: 1.0.0
License: MIT
Keywords: coffee,kraken,coffeekraken
Contributors: Olivier Bossel <olivier.bossel@gmail.com>

###############################################################################################################################################################


# 2020-03-10T15:41:51.108Z
# 

###############################################################################################################################################################
coffeekraken

We are a young collectve of front-end creative developers with one goal in mind. Build tools to make every team working day life better

Author: Coffeekraken <hello@coffeekraken.io>
Homepage: https://github.com/Coffeekraken/coffeekraken#readme
Version: 1.0.0
License: MIT
Keywords: coffee,kraken,coffeekraken
Contributors: Olivier Bossel <olivier.bossel@gmail.com>

###############################################################################################################################################################


# 2020-03-10T15:40:27.050Z
# 

###############################################################################################################################################################
coffeekraken

We are a young collectve of front-end creative developers with one goal in mind. Build tools to make every team working day life better

Author: Coffeekraken <hello@coffeekraken.io>
Homepage: https://github.com/Coffeekraken/coffeekraken#readme
Version: 1.0.0
License: MIT
Keywords: coffee,kraken,coffeekraken
Contributors: Olivier Bossel <olivier.bossel@gmail.com>

###############################################################################################################################################################


# 2020-03-10T15:39:39.773Z
# 

###############################################################################################################################################################
coffeekraken

We are a young collectve of front-end creative developers with one goal in mind. Build tools to make every team working day life better

Author: Coffeekraken <hello@coffeekraken.io>
Homepage: https://github.com/Coffeekraken/coffeekraken#readme
Version: 1.0.0
License: MIT
Keywords: coffee,kraken,coffeekraken
Contributors: Olivier Bossel <olivier.bossel@gmail.com>

###############################################################################################################################################################


# 2020-03-10T15:38:37.395Z
# 

###############################################################################################################################################################
coffeekraken

We are a young collectve of front-end creative developers with one goal in mind. Build tools to make every team working day life better

Author: Coffeekraken <hello@coffeekraken.io>
Homepage: https://github.com/Coffeekraken/coffeekraken#readme
Version: 1.0.0
License: MIT
Keywords: coffee,kraken,coffeekraken
Contributors: Olivier Bossel <olivier.bossel@gmail.com>

###############################################################################################################################################################


# 2020-03-10T15:37:43.877Z
# 

###############################################################################################################################################################
coffeekraken

We are a young collectve of front-end creative developers with one goal in mind. Build tools to make every team working day life better

Author: Coffeekraken <hello@coffeekraken.io>
Homepage: https://github.com/Coffeekraken/coffeekraken#readme
Version: 1.0.0
License: MIT
Keywords: coffee,kraken,coffeekraken
Contributors: Olivier Bossel <olivier.bossel@gmail.com>

###############################################################################################################################################################


# 2020-03-10T15:37:00.379Z
# 

###############################################################################################################################################################
coffeekraken

We are a young collectve of front-end creative developers with one goal in mind. Build tools to make every team working day life better

Author: Coffeekraken <hello@coffeekraken.io>
Homepage: https://github.com/Coffeekraken/coffeekraken#readme
Version: 1.0.0
License: MIT
Keywords: coffee,kraken,coffeekraken
Contributors: Olivier Bossel <olivier.bossel@gmail.com>

###############################################################################################################################################################


# 2020-03-10T15:36:50.446Z
# 

###############################################################################################################################################################
coffeekraken

We are a young collectve of front-end creative developers with one goal in mind. Build tools to make every team working day life better

Author: Coffeekraken <hello@coffeekraken.io>
Homepage: https://github.com/Coffeekraken/coffeekraken#readme
Version: 1.0.0
License: MIT
Keywords: coffee,kraken,coffeekraken
Contributors: Olivier Bossel <olivier.bossel@gmail.com>

###############################################################################################################################################################


# 2020-03-10T15:35:50.423Z
# 

###############################################################################################################################################################
coffeekraken

We are a young collectve of front-end creative developers with one goal in mind. Build tools to make every team working day life better

Author: Coffeekraken <hello@coffeekraken.io>
Homepage: https://github.com/Coffeekraken/coffeekraken#readme
Version: 1.0.0
License: MIT
Keywords: coffee,kraken,coffeekraken
Contributors: Olivier Bossel <olivier.bossel@gmail.com>

###############################################################################################################################################################


# 2020-03-10T15:35:04.310Z
# 

###############################################################################################################################################################
coffeekraken

We are a young collectve of front-end creative developers with one goal in mind. Build tools to make every team working day life better

Author: Coffeekraken <hello@coffeekraken.io>
Homepage: https://github.com/Coffeekraken/coffeekraken#readme
Version: 1.0.0
License: MIT
Keywords: coffee,kraken,coffeekraken
Contributors: Olivier Bossel <olivier.bossel@gmail.com>

###############################################################################################################################################################


# 2020-03-10T15:32:51.628Z
# 

###############################################################################################################################################################
coffeekraken

We are a young collectve of front-end creative developers with one goal in mind. Build tools to make every team working day life better

Author: Coffeekraken <hello@coffeekraken.io>
Homepage: https://github.com/Coffeekraken/coffeekraken#readme
Version: 1.0.0
License: MIT
Keywords: coffee,kraken,coffeekraken
Contributors: Olivier Bossel <olivier.bossel@gmail.com>

###############################################################################################################################################################


# 2020-03-10T15:30:42.226Z
# 

###############################################################################################################################################################
coffeekraken

We are a young collectve of front-end creative developers with one goal in mind. Build tools to make every team working day life better

Author: Coffeekraken <hello@coffeekraken.io>
Homepage: https://github.com/Coffeekraken/coffeekraken#readme
Version: 1.0.0
License: MIT
Keywords: coffee,kraken,coffeekraken
Contributors: Olivier Bossel <olivier.bossel@gmail.com>

###############################################################################################################################################################


# 2020-03-10T15:30:12.182Z
# 

###############################################################################################################################################################
coffeekraken

We are a young collectve of front-end creative developers with one goal in mind. Build tools to make every team working day life better

Author: Coffeekraken <hello@coffeekraken.io>
Homepage: https://github.com/Coffeekraken/coffeekraken#readme
Version: 1.0.0
License: MIT
Keywords: coffee,kraken,coffeekraken
Contributors: Olivier Bossel <olivier.bossel@gmail.com>

###############################################################################################################################################################


# 2020-03-10T15:28:30.821Z
# 

###############################################################################################################################################################
coffeekraken

We are a young collectve of front-end creative developers with one goal in mind. Build tools to make every team working day life better

Author: Coffeekraken <hello@coffeekraken.io>
Homepage: https://github.com/Coffeekraken/coffeekraken#readme
Version: 1.0.0
License: MIT
Keywords: coffee,kraken,coffeekraken
Contributors: Olivier Bossel <olivier.bossel@gmail.com>

###############################################################################################################################################################


# 2020-03-10T15:28:17.928Z
# 

###############################################################################################################################################################
coffeekraken

We are a young collectve of front-end creative developers with one goal in mind. Build tools to make every team working day life better

Author: Coffeekraken <hello@coffeekraken.io>
Homepage: https://github.com/Coffeekraken/coffeekraken#readme
Version: 1.0.0
License: MIT
Keywords: coffee,kraken,coffeekraken
Contributors: Olivier Bossel <olivier.bossel@gmail.com>

###############################################################################################################################################################


# 2020-03-10T15:27:47.238Z
# 

###############################################################################################################################################################
coffeekraken

We are a young collectve of front-end creative developers with one goal in mind. Build tools to make every team working day life better

Author: Coffeekraken <hello@coffeekraken.io>
Homepage: https://github.com/Coffeekraken/coffeekraken#readme
Version: 1.0.0
License: MIT
Keywords: coffee,kraken,coffeekraken
Contributors: Olivier Bossel <olivier.bossel@gmail.com>

###############################################################################################################################################################


# 2020-03-10T15:27:25.838Z
# 

###############################################################################################################################################################
coffeekraken

We are a young collectve of front-end creative developers with one goal in mind. Build tools to make every team working day life better

Author: Coffeekraken <hello@coffeekraken.io>
Homepage: https://github.com/Coffeekraken/coffeekraken#readme
Version: 1.0.0
License: MIT
Keywords: coffee,kraken,coffeekraken
Contributors: Olivier Bossel <olivier.bossel@gmail.com>

###############################################################################################################################################################


# 2020-03-10T15:27:01.794Z
# 

###############################################################################################################################################################
coffeekraken

We are a young collectve of front-end creative developers with one goal in mind. Build tools to make every team working day life better

Author: Coffeekraken <hello@coffeekraken.io>
Homepage: https://github.com/Coffeekraken/coffeekraken#readme
Version: 1.0.0
License: MIT
Keywords: coffee,kraken,coffeekraken
Contributors: Olivier Bossel <olivier.bossel@gmail.com>

###############################################################################################################################################################


# 2020-03-10T15:22:09.495Z
# 

###############################################################################################################################################################
coffeekraken

We are a young collectve of front-end creative developers with one goal in mind. Build tools to make every team working day life better

Author: Coffeekraken <hello@coffeekraken.io>
Homepage: https://github.com/Coffeekraken/coffeekraken#readme
Version: 1.0.0
License: MIT
Keywords: coffee,kraken,coffeekraken
Contributors: Olivier Bossel <olivier.bossel@gmail.com>

###############################################################################################################################################################


# 2020-03-10T15:21:59.514Z
# 

###############################################################################################################################################################
coffeekraken

We are a young collectve of front-end creative developers with one goal in mind. Build tools to make every team working day life better

Author: Coffeekraken <hello@coffeekraken.io>
Homepage: https://github.com/Coffeekraken/coffeekraken#readme
Version: 1.0.0
License: MIT
Keywords: coffee,kraken,coffeekraken
Contributors: Olivier Bossel <olivier.bossel@gmail.com>

###############################################################################################################################################################


# 2020-03-10T15:08:39.830Z
# 

###############################################################################################################################################################
coffeekraken

We are a young collectve of front-end creative developers with one goal in mind. Build tools to make every team working day life better

Author: Coffeekraken <hello@coffeekraken.io>
Homepage: https://github.com/Coffeekraken/coffeekraken#readme
Version: 1.0.0
License: MIT
Keywords: coffee,kraken,coffeekraken
Contributors: Olivier Bossel <olivier.bossel@gmail.com>

###############################################################################################################################################################


# 2020-03-10T15:08:01.119Z
# 

###############################################################################################################################################################
coffeekraken

We are a young collectve of front-end creative developers with one goal in mind. Build tools to make every team working day life better

Author: Coffeekraken <hello@coffeekraken.io>
Homepage: https://github.com/Coffeekraken/coffeekraken#readme
Version: 1.0.0
License: MIT
Keywords: coffee,kraken,coffeekraken
Contributors: Olivier Bossel <olivier.bossel@gmail.com>

###############################################################################################################################################################


# 2020-03-10T15:07:38.782Z
# 

###############################################################################################################################################################
coffeekraken

We are a young collectve of front-end creative developers with one goal in mind. Build tools to make every team working day life better

Author: Coffeekraken <hello@coffeekraken.io>
Homepage: https://github.com/Coffeekraken/coffeekraken#readme
Version: 1.0.0
License: MIT
Keywords: coffee,kraken,coffeekraken
Contributors: Olivier Bossel <olivier.bossel@gmail.com>

###############################################################################################################################################################


# 2020-03-10T14:58:31.085Z
# 

###############################################################################################################################################################
coffeekraken

We are a young collectve of front-end creative developers with one goal in mind. Build tools to make every team working day life better

Author: Coffeekraken <hello@coffeekraken.io>
Homepage: https://github.com/Coffeekraken/coffeekraken#readme
Version: 1.0.0
License: MIT
Keywords: coffee,kraken,coffeekraken
Contributors: Olivier Bossel <olivier.bossel@gmail.com>

###############################################################################################################################################################


# 2020-03-10T14:58:16.089Z
# 

###############################################################################################################################################################
coffeekraken

We are a young collectve of front-end creative developers with one goal in mind. Build tools to make every team working day life better

Author: Coffeekraken <hello@coffeekraken.io>
Homepage: https://github.com/Coffeekraken/coffeekraken#readme
Version: 1.0.0
License: MIT
Keywords: coffee,kraken,coffeekraken
Contributors: Olivier Bossel <olivier.bossel@gmail.com>

###############################################################################################################################################################


# 2020-03-10T14:39:23.731Z
# 

###############################################################################################################################################################
coffeekraken

We are a young collectve of front-end creative developers with one goal in mind. Build tools to make every team working day life better

Author: Coffeekraken <hello@coffeekraken.io>
Homepage: https://github.com/Coffeekraken/coffeekraken#readme
Version: 1.0.0
License: MIT
Keywords: coffee,kraken,coffeekraken
Contributors: Olivier Bossel <olivier.bossel@gmail.com>

###############################################################################################################################################################


# 2020-03-10T14:39:02.606Z
# 

###############################################################################################################################################################
coffeekraken

We are a young collectve of front-end creative developers with one goal in mind. Build tools to make every team working day life better

Author: Coffeekraken <hello@coffeekraken.io>
Homepage: https://github.com/Coffeekraken/coffeekraken#readme
Version: 1.0.0
License: MIT
Keywords: coffee,kraken,coffeekraken
Contributors: Olivier Bossel <olivier.bossel@gmail.com>

###############################################################################################################################################################


# 2020-03-10T14:26:31.356Z
# 

###############################################################################################################################################################
coffeekraken

We are a young collectve of front-end creative developers with one goal in mind. Build tools to make every team working day life better

Author: Coffeekraken <hello@coffeekraken.io>
Homepage: https://github.com/Coffeekraken/coffeekraken#readme
Version: 1.0.0
License: MIT
Keywords: coffee,kraken,coffeekraken
Contributors: Olivier Bossel <olivier.bossel@gmail.com>

###############################################################################################################################################################


# 2020-03-10T14:26:11.193Z
# 

###############################################################################################################################################################
coffeekraken

We are a young collectve of front-end creative developers with one goal in mind. Build tools to make every team working day life better

Author: Coffeekraken <hello@coffeekraken.io>
Homepage: https://github.com/Coffeekraken/coffeekraken#readme
Version: 1.0.0
License: MIT
Keywords: coffee,kraken,coffeekraken
Contributors: Olivier Bossel <olivier.bossel@gmail.com>

###############################################################################################################################################################


# 2020-03-10T14:25:32.457Z
# 

###############################################################################################################################################################
coffeekraken

We are a young collectve of front-end creative developers with one goal in mind. Build tools to make every team working day life better

Author: Coffeekraken <hello@coffeekraken.io>
Homepage: https://github.com/Coffeekraken/coffeekraken#readme
Version: 1.0.0
License: MIT
Keywords: coffee,kraken,coffeekraken
Contributors: Olivier Bossel <olivier.bossel@gmail.com>

###############################################################################################################################################################


# 2020-03-10T14:20:57.224Z
# 

###############################################################################################################################################################
coffeekraken

We are a young collectve of front-end creative developers with one goal in mind. Build tools to make every team working day life better

Author: Coffeekraken <hello@coffeekraken.io>
Homepage: https://github.com/Coffeekraken/coffeekraken#readme
Version: 1.0.0
License: MIT
Keywords: coffee,kraken,coffeekraken
Contributors: Olivier Bossel <olivier.bossel@gmail.com>

###############################################################################################################################################################


# 2020-03-10T14:20:01.979Z
# 

###############################################################################################################################################################
coffeekraken

We are a young collectve of front-end creative developers with one goal in mind. Build tools to make every team working day life better

Author: Coffeekraken <hello@coffeekraken.io>
Homepage: https://github.com/Coffeekraken/coffeekraken#readme
Version: 1.0.0
License: MIT
Keywords: coffee,kraken,coffeekraken
Contributors: Olivier Bossel <olivier.bossel@gmail.com>

###############################################################################################################################################################


# 2020-03-10T14:18:00.466Z
# 

###############################################################################################################################################################
coffeekraken

We are a young collectve of front-end creative developers with one goal in mind. Build tools to make every team working day life better

Author: Coffeekraken <hello@coffeekraken.io>
Homepage: https://github.com/Coffeekraken/coffeekraken#readme
Version: 1.0.0
License: MIT
Keywords: coffee,kraken,coffeekraken
Contributors: Olivier Bossel <olivier.bossel@gmail.com>

###############################################################################################################################################################


# 2020-03-10T13:54:01.994Z
# 

###############################################################################################################################################################
coffeekraken

We are a young collectve of front-end creative developers with one goal in mind. Build tools to make every team working day life better

Author: Coffeekraken <hello@coffeekraken.io>
Homepage: https://github.com/Coffeekraken/coffeekraken#readme
Version: 1.0.0
License: MIT
Keywords: coffee,kraken,coffeekraken
Contributors: Olivier Bossel <olivier.bossel@gmail.com>

###############################################################################################################################################################


# 2020-03-10T10:09:59.180Z
# 

###############################################################################################################################################################
coffeekraken

We are a young collectve of front-end creative developers with one goal in mind. Build tools to make every team working day life better

Author: Coffeekraken <hello@coffeekraken.io>
Homepage: https://github.com/Coffeekraken/coffeekraken#readme
Version: 1.0.0
License: MIT
Keywords: coffee,kraken,coffeekraken
Contributors: Olivier Bossel <olivier.bossel@gmail.com>

###############################################################################################################################################################


# 2020-03-10T10:08:36.461Z
# 

###############################################################################################################################################################
coffeekraken

We are a young collectve of front-end creative developers with one goal in mind. Build tools to make every team working day life better

Author: Coffeekraken <hello@coffeekraken.io>
Homepage: https://github.com/Coffeekraken/coffeekraken#readme
Version: 1.0.0
License: MIT
Keywords: coffee,kraken,coffeekraken
Contributors: Olivier Bossel <olivier.bossel@gmail.com>

###############################################################################################################################################################


# 2020-03-10T10:08:25.941Z
# 

###############################################################################################################################################################
coffeekraken

We are a young collectve of front-end creative developers with one goal in mind. Build tools to make every team working day life better

Author: Coffeekraken <hello@coffeekraken.io>
Homepage: https://github.com/Coffeekraken/coffeekraken#readme
Version: 1.0.0
License: MIT
Keywords: coffee,kraken,coffeekraken
Contributors: Olivier Bossel <olivier.bossel@gmail.com>

###############################################################################################################################################################


# 2020-03-10T10:03:50.421Z
# 

###############################################################################################################################################################
coffeekraken

We are a young collectve of front-end creative developers with one goal in mind. Build tools to make every team working day life better

Author: Coffeekraken <hello@coffeekraken.io>
Homepage: https://github.com/Coffeekraken/coffeekraken#readme
Version: 1.0.0
License: MIT
Keywords: coffee,kraken,coffeekraken
Contributors: Olivier Bossel <olivier.bossel@gmail.com>

###############################################################################################################################################################


# 2020-03-10T10:02:53.844Z
# 

###############################################################################################################################################################
coffeekraken

We are a young collectve of front-end creative developers with one goal in mind. Build tools to make every team working day life better

Author: Coffeekraken <hello@coffeekraken.io>
Homepage: https://github.com/Coffeekraken/coffeekraken#readme
Version: 1.0.0
License: MIT
Keywords: coffee,kraken,coffeekraken
Contributors: Olivier Bossel <olivier.bossel@gmail.com>

###############################################################################################################################################################


# 2020-03-10T10:02:25.718Z
# 

###############################################################################################################################################################
coffeekraken

We are a young collectve of front-end creative developers with one goal in mind. Build tools to make every team working day life better

Author: Coffeekraken <hello@coffeekraken.io>
Homepage: https://github.com/Coffeekraken/coffeekraken#readme
Version: 1.0.0
License: MIT
Keywords: coffee,kraken,coffeekraken
Contributors: Olivier Bossel <olivier.bossel@gmail.com>

###############################################################################################################################################################


# 2020-03-10T10:01:51.171Z
# 

###############################################################################################################################################################
coffeekraken

We are a young collectve of front-end creative developers with one goal in mind. Build tools to make every team working day life better

Author: Coffeekraken <hello@coffeekraken.io>
Homepage: https://github.com/Coffeekraken/coffeekraken#readme
Version: 1.0.0
License: MIT
Keywords: coffee,kraken,coffeekraken
Contributors: Olivier Bossel <olivier.bossel@gmail.com>

###############################################################################################################################################################


# 2020-03-10T10:00:55.870Z
# 

###############################################################################################################################################################
coffeekraken

We are a young collectve of front-end creative developers with one goal in mind. Build tools to make every team working day life better

Author: Coffeekraken <hello@coffeekraken.io>
Homepage: https://github.com/Coffeekraken/coffeekraken#readme
Version: 1.0.0
License: MIT
Keywords: coffee,kraken,coffeekraken
Contributors: Olivier Bossel <olivier.bossel@gmail.com>

###############################################################################################################################################################


# 2020-03-10T09:59:44.919Z
# 

###############################################################################################################################################################
coffeekraken

We are a young collectve of front-end creative developers with one goal in mind. Build tools to make every team working day life better

Author: Coffeekraken <hello@coffeekraken.io>
Homepage: https://github.com/Coffeekraken/coffeekraken#readme
Version: 1.0.0
License: MIT
Keywords: coffee,kraken,coffeekraken
Contributors: Olivier Bossel <olivier.bossel@gmail.com>

###############################################################################################################################################################


# 2020-03-10T09:58:53.112Z
# 

###############################################################################################################################################################
coffeekraken

We are a young collectve of front-end creative developers with one goal in mind. Build tools to make every team working day life better

Author: Coffeekraken <hello@coffeekraken.io>
Homepage: https://github.com/Coffeekraken/coffeekraken#readme
Version: 1.0.0
License: MIT
Keywords: coffee,kraken,coffeekraken
Contributors: Olivier Bossel <olivier.bossel@gmail.com>

###############################################################################################################################################################


# 2020-03-10T09:58:26.887Z
# 

###############################################################################################################################################################
coffeekraken

We are a young collectve of front-end creative developers with one goal in mind. Build tools to make every team working day life better

Author: Coffeekraken <hello@coffeekraken.io>
Homepage: https://github.com/Coffeekraken/coffeekraken#readme
Version: 1.0.0
License: MIT
Keywords: coffee,kraken,coffeekraken
Contributors: Olivier Bossel <olivier.bossel@gmail.com>

###############################################################################################################################################################


# 2020-03-10T09:58:19.486Z
# 

###############################################################################################################################################################
coffeekraken

We are a young collectve of front-end creative developers with one goal in mind. Build tools to make every team working day life better

Author: Coffeekraken <hello@coffeekraken.io>
Homepage: https://github.com/Coffeekraken/coffeekraken#readme
Version: 1.0.0
License: MIT
Keywords: coffee,kraken,coffeekraken
Contributors: Olivier Bossel <olivier.bossel@gmail.com>

###############################################################################################################################################################


# 2020-03-10T09:56:40.108Z
# 

###############################################################################################################################################################
coffeekraken

We are a young collectve of front-end creative developers with one goal in mind. Build tools to make every team working day life better

Author: Coffeekraken <hello@coffeekraken.io>
Homepage: https://github.com/Coffeekraken/coffeekraken#readme
Version: 1.0.0
License: MIT
Keywords: coffee,kraken,coffeekraken
Contributors: Olivier Bossel <olivier.bossel@gmail.com>

###############################################################################################################################################################


