[31m✘ No routes are configurated for your application...[39m
[31m✘ Error: EACCES: permission denied, open '/2'[39m
[35m⚠ --- dist/js/chunks/2.40e3ba14207d680c7813.js: 167.00 Bytes[39m
[35m⚠ --- dist/js/common.bundle.js: 31.68 KiB[39m
[35m⚠ --- dist/js/common.bundle.js.gz: 9.62 KiB[39m
[35m⚠ --- dist/js/Squid.bundle.js: 31.63 KiB[39m
[35m⚠ --- dist/js/Squid.bundle.js.gz: 9.61 KiB[39m
[31m✘ Error: Shell command exit with non zero code: 2[39m
[31m✘ No routes are configurated for your application...[39m
[31m✘ Error: EACCES: permission denied, open '/2'[39m
[35m⚠ --- dist/js/chunks/2.40e3ba14207d680c7813.js: 167.00 Bytes[39m
[35m⚠ --- dist/js/common.bundle.js: 29.67 KiB[39m
[35m⚠ --- dist/js/common.bundle.js.gz: 8.89 KiB[39m
[35m⚠ --- dist/js/Squid.bundle.js: 2.21 KiB[39m
[35m⚠ --- dist/js/Squid.bundle.js.gz: 1.09 KiB[39m
[31m✘ No routes are configurated for your application...[39m
[31m✘ No routes are configurated for your application...[39m
[35m⚠ --- dist/js/chunks/2.40e3ba14207d680c7813.js: 167.00 Bytes[39m
[35m⚠ --- dist/js/common.bundle.js: 31.68 KiB[39m
[35m⚠ --- dist/js/common.bundle.js.gz: 9.62 KiB[39m
[35m⚠ --- dist/js/Squid.bundle.js: 31.63 KiB[39m
[35m⚠ --- dist/js/Squid.bundle.js.gz: 9.61 KiB[39m
[31m✘ No routes are configurated for your application...[39m
[35m⚠ --- dist/js/chunks/2.40e3ba14207d680c7813.js: 167.00 Bytes[39m
[35m⚠ --- dist/js/common.bundle.js: 31.68 KiB[39m
[35m⚠ --- dist/js/common.bundle.js.gz: 9.62 KiB[39m
[35m⚠ --- dist/js/Squid.bundle.js: 31.63 KiB[39m
[35m⚠ --- dist/js/Squid.bundle.js.gz: 9.61 KiB[39m
[31m✘ No routes are configurated for your application...[39m
[31m✘ No routes are configurated for your application...[39m
