[31mCOCO[39m
[33mCode Playground : starting on port 3000...[39m
[33mCode Playground : ✓ running on port 3000![39m
[33mCode Playground : access interface on http://localhost:3000[39m
[33mCompile Server : Hello World[39m
[31mCOCO[39m
[33mCode Playground : starting on port 3000...[39m
[33mCode Playground : ✓ running on port 3000![39m
[33mCode Playground : access interface on http://localhost:3000[39m
[33mCompile Server : Hello World[39m
[33mCode Playground : starting on port 3000...[39m
[33mCode Playground : ✓ running on port 3000![39m
[33mCode Playground : access interface on http://localhost:3000[39m
[33mCompile Server : Hello World[39m
Code Playground : starting on port 3000...
Code Playground : ✓ running on port 3000!
Code Playground : access interface on http://localhost:3000
[33mCompile Server : Hello World[39m
Code Playground : starting on port 3000...
Code Playground : ✓ running on port 3000!
Code Playground : access interface on http://localhost:3000
[33mCompile Server : Hello World[39m
Code Playground : starting on port 3000...
Code Playground : ✓ running on port 3000!
Code Playground : access interface on http://localhost:3000
[33mCompile Server : Hello World[39m
[33mCompile Server : Hello World[39m
Hello World
Code Playground : starting on port 3000...
Code Playground : ✓ running on port 3000!
Code Playground : access interface on http://localhost:3000
Hello World
Code Playground : starting on port 3000...
Code Playground : ✓ running on port 3000!
Code Playground : access interface on http://localhost:3000
[33mCompile Server : Hello World[39m
undefined
undefined
undefined
undefined
undefined
Hello World
Code Playground : starting on port 3000...
Code Playground : ✓ running on port 3000!
Code Playground : access interface on http://localhost:3000
[33mCompile Server : Hello World[39m
[33mCompile Server : Hello World[39m
Hello World
Code Playground : starting on port 3000...
Code Playground : ✓ running on port 3000!
Code Playground : access interface on http://localhost:3000
Hello World HAasasdij ioj woijefqwoij o
Code Playground : starting on port 3000...
Code Playground : ✓ running on port 3000!
Code Playground : access interface on http://localhost:3000
[33mCompile Server : Hello World[39m
Hello World HAasasdij ioj woijefqwoij o
Code Playground : starting on port 3000...
Code Playground : ✓ running on port 3000!
Code Playground : access interface on http://localhost:3000
Compile Server : Hello World
Hello World HAasasdij ioj woijefqwoij o
Code Playground : starting on port 3000...
Code Playground : ✓ running on port 3000!
Code Playground : access interface on http://localhost:3000
[33mCompile Server : Hello World[39m
Hello World HAasasdij ioj woijefqwoij o
[33mCompile Server : Hello World[39m
Code Playground : starting on port 3000...
Code Playground : ✓ running on port 3000!
Code Playground : access interface on http://localhost:3000
Hello World HAasasdij ioj woijefqwoij o
Code Playground : starting on port 3000...
Code Playground : ✓ running on port 3000!
Code Playground : access interface on http://localhost:3000
[33mCompile Server : Hello World[39m
Hello World HAasasdij ioj woijefqwoij o
Code Playground : starting on port 3000...
Code Playground : ✓ running on port 3000!
Code Playground : access interface on http://localhost:3000
[33mCompile Server : Hello World[39m
Hello World HAasasdij ioj woijefqwoij o
Code Playground : starting on port 3000...
Code Playground : ✓ running on port 3000!
Code Playground : access interface on http://localhost:3000
[33mCompile Server : Hello World[39m
Hello World HAasasdij ioj woijefqwoij o
Code Playground : starting on port 3000...
Code Playground : ✓ running on port 3000!
Code Playground : access interface on http://localhost:3000
[33mCompile Server : Hello World[39m
Hello World HAasasdij ioj woijefqwoij o
Code Playground : starting on port 3000...
Code Playground : ✓ running on port 3000!
Code Playground : access interface on http://localhost:3000
[33mCompile Server : Hello World[39m
Hello World HAasasdij ioj woijefqwoij o
[33mCompile Server : Hello World[39m
Hello World HAasasdij ioj woijefqwoij o
Code Playground : starting on port 3000...
Code Playground : ✓ running on port 3000!
Code Playground : access interface on http://localhost:3000
[33mCompile Server : Hello World[39m
Hello World HAasasdij ioj woijefqwoij o
Code Playground : starting on port 3000...
Code Playground : ✓ running on port 3000!
Code Playground : access interface on http://localhost:3000
[33mCompile Server : Hello World[39m
Hello World HAasasdij ioj woijefqwoij o
Code Playground : starting on port 3000...
Code Playground : ✓ running on port 3000!
Code Playground : access interface on http://localhost:3000
[33mCompile Server : Hello World[39m
Hello World HAasasdij ioj woijefqwoij o
Code Playground : starting on port 3000...
Code Playground : ✓ running on port 3000!
Code Playground : access interface on http://localhost:3000
[33mCompile Server : Hello World[39m
[33mCompile Server : Hello World[39m
Hello World HAasasdij ioj woijefqwoij o
Code Playground : starting on port 3000...
Code Playground : ✓ running on port 3000!
Code Playground : access interface on http://localhost:3000
[33mCompile Server : Hello World[39m
Hello World HAasasdij ioj woijefqwoij o
Code Playground : starting on port 3000...
Code Playground : ✓ running on port 3000!
Code Playground : access interface on http://localhost:3000
Hello World HAasasdij ioj woijefqwoij o
Code Playground : starting on port 3000...
Code Playground : ✓ running on port 3000!
Code Playground : access interface on http://localhost:3000
[33mCompile Server : Hello World[39m
Hello World HAasasdij ioj woijefqwoij o
Code Playground : starting on port 3000...
Code Playground : ✓ running on port 3000!
Code Playground : access interface on http://localhost:3000
[33mCompile Server : Hello World[39m
[33mCompile Server : Hello World[39m
Hello World HAasasdij ioj woijefqwoij o
Code Playground : starting on port 3000...
Code Playground : ✓ running on port 3000!
Code Playground : access interface on http://localhost:3000
Hello World HAasasdij ioj woijefqwoij o
Code Playground : starting on port 3000...
Code Playground : ✓ running on port 3000!
Code Playground : access interface on http://localhost:3000
[33mCompile Server : Hello World[39m
Hello World HAasasdij ioj woijefqwoij o
Code Playground : starting on port 3000...
Code Playground : ✓ running on port 3000!
Code Playground : access interface on http://localhost:3000
[33mCompile Server : Hello World[39m
Hello World HAasasdij ioj woijefqwoij o
[33mCompile Server : Hello World[39m
Hello World HAasasdij ioj woijefqwoij o
[33mCompile Server : Hello World[39m
Hello World HAasasdij ioj woijefqwoij o
[33mCompile Server : Hello World[39m
Hello World HAasasdij ioj woijefqwoij o
Code Playground : starting on port 3000...
Code Playground : ✓ running on port 3000!
Code Playground : access interface on http://localhost:3000
[33mCompile Server : Hello World[39m
Hello World HAasasdij ioj woijefqwoij o
Code Playground : starting on port 3000...
Code Playground : ✓ running on port 3000!
Code Playground : access interface on http://localhost:3000
[33mCompile Server : Hello World[39m
[33mCode Playground : starting on port 3000...[39m
[33mCode Playground : ✓ running on port 3000![39m
[33mCode Playground : access interface on http://localhost:3000[39m
[33mCompile Server : Hello World[39m
[33mCode Playground : starting on port 3000...[39m
[33mCode Playground : ✓ running on port 3000![39m
[33mCode Playground : access interface on http://localhost:3000[39m
[33mCompile Server : Hello World[39m
[33mCode Playground : starting on port 3000...[39m
[33mCode Playground : ✓ running on port 3000![39m
[33mCode Playground : access interface on http://localhost:3000[39m
[33mCode Playground : starting on port 3000...[39m
[33mCode Playground : ✓ running on port 3000![39m
[33mCode Playground : access interface on http://localhost:3000[39m
[33mCompile Server : Hello World[39m
[33mCode Playground : starting on port 3000...[39m
[33mCode Playground : ✓ running on port 3000![39m
[33mCode Playground : access interface on http://localhost:3000[39m
[33mCompile Server : Hello World[39m
[33mCode Playground : starting on port 3000...[39m
[33mCode Playground : ✓ running on port 3000![39m
[33mCode Playground : access interface on http://localhost:3000[39m
[33mCompile Server : Hello World[39m
[33mCode Playground : starting on port 3000...[39m
[33mCode Playground : ✓ running on port 3000![39m
[33mCode Playground : access interface on http://localhost:3000[39m
[33mCode Playground : starting on port 3000...[39m
[33mCode Playground : ✓ running on port 3000![39m
[33mCode Playground : access interface on http://localhost:3000[39m
[33mCode Playground : starting on port 3000...[39m
[33mCode Playground : ✓ running on port 3000![39m
[33mCode Playground : access interface on http://localhost:3000[39m
[33mCode Playground : starting on port 3000...[39m
[33mCode Playground : ✓ running on port 3000![39m
[33mCode Playground : access interface on http://localhost:3000[39m
[33mCode Playground : starting on port 3000...[39m
[33mCode Playground : ✓ running on port 3000![39m
[33mCode Playground : access interface on http://localhost:3000[39m
[33mCode Playground : starting on port 3000...[39m
[33mCode Playground : ✓ running on port 3000![39m
[33mCode Playground : access interface on http://localhost:3000[39m
[33mCode Playground : starting on port 3000...[39m
[33mCode Playground : ✓ running on port 3000![39m
[33mCode Playground : access interface on http://localhost:3000[39m
[33mCode Playground : starting on port 3000...[39m
[33mCode Playground : ✓ running on port 3000![39m
[33mCode Playground : access interface on http://localhost:3000[39m
[33mCode Playground : starting on port 3000...[39m
[33mCode Playground : ✓ running on port 3000![39m
[33mCode Playground : access interface on http://localhost:3000[39m
[33mCode Playground : starting on port 3000...[39m
[33mCode Playground : ✓ running on port 3000![39m
[33mCode Playground : access interface on http://localhost:3000[39m
[33mCode Playground : starting on port 3000...[39m
[33mCode Playground : ✓ running on port 3000![39m
[33mCode Playground : access interface on http://localhost:3000[39m
[33mCode Playground : starting on port 3000...[39m
[33mCode Playground : ✓ running on port 3000![39m
[33mCode Playground : access interface on http://localhost:3000[39m
[33mCode Playground : starting on port 3000...[39m
[33mCode Playground : ✓ running on port 3000![39m
[33mCode Playground : access interface on http://localhost:3000[39m
[33mCode Playground : starting on port 3000...[39m
[33mCode Playground : ✓ running on port 3000![39m
[33mCode Playground : access interface on http://localhost:3000[39m
[33mCode Playground : starting on port 3000...[39m
[33mCode Playground : ✓ running on port 3000![39m
[33mCode Playground : access interface on http://localhost:3000[39m
[33mCode Playground : starting on port 3000...[39m
[33mCode Playground : ✓ running on port 3000![39m
[33mCode Playground : access interface on http://localhost:3000[39m
[33mCode Playground : starting on port 3000...[39m
[33mCode Playground : ✓ running on port 3000![39m
[33mCode Playground : access interface on http://localhost:3000[39m
[33mCode Playground : starting on port 3000...[39m
[33mCode Playground : ✓ running on port 3000![39m
[33mCode Playground : access interface on http://localhost:3000[39m
[33mCode Playground : starting on port 3000...[39m
[33mCode Playground : ✓ running on port 3000![39m
[33mCode Playground : access interface on http://localhost:3000[39m
[33mCode Playground : starting on port 3000...[39m
[33mCode Playground : ✓ running on port 3000![39m
[33mCode Playground : access interface on http://localhost:3000[39m
[33mCode Playground : starting on port 3000...[39m
[33mCode Playground : ✓ running on port 3000![39m
[33mCode Playground : access interface on http://localhost:3000[39m
[33mCode Playground : starting on port 3000...[39m
[33mCode Playground : ✓ running on port 3000![39m
[33mCode Playground : access interface on http://localhost:3000[39m
[33mCode Playground : starting on port 3000...[39m
[33mCode Playground : ✓ running on port 3000![39m
[33mCode Playground : access interface on http://localhost:3000[39m
