[33mⓘ Generating the javascript bundles...[39m
[33mⓘ Generating the javascript bundles...[39m
[31m✘ Error: Shell command exit with non zero code: 1[39m
[33mⓘ Generating the javascript bundles...[39m
[31m✘ Error: Shell command exit with non zero code: 2[39m
[33mⓘ Generating the javascript bundles...[39m
[31m✘ Error: Shell command exit with non zero code: 2[39m
[33mⓘ Generating the javascript bundles...[39m
[31m✘ Error: Shell command exit with non zero code: 2[39m
[33mⓘ Generating the javascript bundles...[39m
[31m✘ Error: Shell command exit with non zero code: 2[39m
[33mⓘ Generating the javascript bundles...[39m
[31m✘ Error: Shell command exit with non zero code: 2[39m
[33mⓘ Generating the javascript bundles...[39m
[33mⓘ Generating the javascript bundles...[39m
[33mⓘ Generating the javascript bundles...[39m
[33mⓘ Generating the javascript files...[39m
[33mⓘ Generating the javascript files...[39m
[33mⓘ Generating the javascript bundles...[39m
[35m⚠ No files with name "*.bundle.js" has been found...[39m
[33mⓘ Generating the javascript bundles...[39m
[33mⓘ Generating the javascript bundles...[39m
[33mⓘ Generating the javascript bundles...[39m
[33mⓘ Generating the css file(s)...[39m
[33mⓘ Generating the css file(s)...[39m
[33mⓘ Generating the css file(s)...[39m
[33mⓘ Generating the css file(s)...[39m
[33mⓘ Generating the css file(s)...[39m
[33mⓘ Generating the css file(s)...[39m
[33mⓘ Getting the source folder "src/img" size...[39m
[33mⓘ Compressing images from folder "src/img"...[39m
[33mⓘ Getting the output folder "dist/img" size...[39m
[33mⓘ The output folder make "8738" and the source folder make "11245".[39m
[33mⓘ Getting the source folder "src/img" size...[39m
[33mⓘ Compressing images from folder "src/img"...[39m
[33mⓘ Getting the output folder "dist/img" size...[39m
[33mⓘ The output folder make "0.01MB" and the source folder make "0.01MB".[39m
[33mⓘ Getting the source folder "src/img" size...[39m
[33mⓘ Compressing images from folder "src/img"...[39m
[33mⓘ Getting the output folder "dist/img" size...[39m
[33mⓘ Generating the javascript files...[39m
[33mⓘ Generating the javascript bundles...[39m
[33mⓘ Generating the css file(s)...[39m
[33mⓘ Getting the source folder "src/img" size...[39m
[33mⓘ Compressing images from folder "src/img"...[39m
[33mⓘ Getting the output folder "dist/img" size...[39m
[33mⓘ Generating the javascript files...[39m
[33mⓘ Getting the source folder "src/img" size...[39m
[33mⓘ Compressing images from folder "src/img"...[39m
[33mⓘ Getting the source folder "src/img" size...[39m
[33mⓘ Compressing images from folder "src/img"...[39m
[33mⓘ Getting the source folder "src/img" size...[39m
[33mⓘ Compressing images from folder "src/img"...[39m
[33mⓘ Getting the output folder "dist/img" size...[39m
[33mⓘ Generating the javascript files...[39m
[33mⓘ Generating the javascript bundles...[39m
[33mⓘ Generating the css file(s)...[39m
[33mⓘ Getting the source folder "src/img" size...[39m
[33mⓘ Compressing images from folder "src/img"...[39m
[33mⓘ Getting the output folder "dist/img" size...[39m
[33mⓘ Generating the javascript files...[39m
[33mⓘ Generating the javascript files...[39m
