# 2020-03-04T17:06:48.127Z
# 

###########################################################################
@coffeekraken/squid-sample

A sample application based on the @coffeekraken/squid framework

Author: Coffeekraken <hello@coffeekraken.io>
Homepage: http://coffeekraken.io
Version: 0.0.1
License: MIT
Contributors: Olivier Bossel <olivier.bossel@gmail.com>

###########################################################################


# 2020-03-04T17:06:39.647Z
# 

###########################################################################
@coffeekraken/squid-sample

A sample application based on the @coffeekraken/squid framework

Author: Coffeekraken <hello@coffeekraken.io>
Homepage: http://coffeekraken.io
Version: 0.0.1
License: MIT
Contributors: Olivier Bossel <olivier.bossel@gmail.com>

###########################################################################


# 2020-03-04T17:03:15.220Z
# 

###########################################################################
@coffeekraken/squid-sample

A sample application based on the @coffeekraken/squid framework

Author: Coffeekraken <hello@coffeekraken.io>
Homepage: http://coffeekraken.io
Version: 0.0.1
License: MIT
Contributors: Olivier Bossel <olivier.bossel@gmail.com>

###########################################################################


# 2020-03-04T17:02:56.140Z
# 

###########################################################################
@coffeekraken/squid-sample

A sample application based on the @coffeekraken/squid framework

Author: Coffeekraken <hello@coffeekraken.io>
Homepage: http://coffeekraken.io
Version: 0.0.1
License: MIT
Contributors: Olivier Bossel <olivier.bossel@gmail.com>

###########################################################################


# 2020-03-04T17:02:22.784Z
# 

###########################################################################
@coffeekraken/squid-sample

A sample application based on the @coffeekraken/squid framework

Author: Coffeekraken <hello@coffeekraken.io>
Homepage: http://coffeekraken.io
Version: 0.0.1
License: MIT
Contributors: Olivier Bossel <olivier.bossel@gmail.com>

###########################################################################


# 2020-03-04T16:39:17.495Z
# 

###########################################################################
@coffeekraken/squid-sample

A sample application based on the @coffeekraken/squid framework

Author: Coffeekraken <hello@coffeekraken.io>
Homepage: http://coffeekraken.io
Version: 0.0.1
License: MIT
Contributors: Olivier Bossel <olivier.bossel@gmail.com>

###########################################################################


# 2020-03-04T16:37:10.929Z
# 

###########################################################################
@coffeekraken/squid-sample

A sample application based on the @coffeekraken/squid framework

Author: Coffeekraken <hello@coffeekraken.io>
Homepage: http://coffeekraken.io
Version: 0.0.1
License: MIT
Contributors: Olivier Bossel <olivier.bossel@gmail.com>

###########################################################################


# 2020-03-04T16:35:24.358Z
# 

###########################################################################
@coffeekraken/squid-sample

A sample application based on the @coffeekraken/squid framework

Author: Coffeekraken <hello@coffeekraken.io>
Homepage: http://coffeekraken.io
Version: 0.0.1
License: MIT
Contributors: Olivier Bossel <olivier.bossel@gmail.com>

###########################################################################


# 2020-03-04T16:35:05.298Z
# 

###########################################################################
@coffeekraken/squid-sample

A sample application based on the @coffeekraken/squid framework

Author: Coffeekraken <hello@coffeekraken.io>
Homepage: http://coffeekraken.io
Version: 0.0.1
License: MIT
Contributors: Olivier Bossel <olivier.bossel@gmail.com>

###########################################################################


# 2020-03-04T16:32:12.903Z
# 

###########################################################################
@coffeekraken/squid-sample

A sample application based on the @coffeekraken/squid framework

Author: Coffeekraken <hello@coffeekraken.io>
Homepage: http://coffeekraken.io
Version: 0.0.1
License: MIT
Contributors: Olivier Bossel <olivier.bossel@gmail.com>

###########################################################################


# 2020-03-04T16:31:27.397Z
# 

###########################################################################
@coffeekraken/squid-sample

A sample application based on the @coffeekraken/squid framework

Author: Coffeekraken <hello@coffeekraken.io>
Homepage: http://coffeekraken.io
Version: 0.0.1
License: MIT
Contributors: Olivier Bossel <olivier.bossel@gmail.com>

###########################################################################


# 2020-03-04T16:30:12.490Z
# 

###########################################################################
@coffeekraken/squid-sample

A sample application based on the @coffeekraken/squid framework

Author: Coffeekraken <hello@coffeekraken.io>
Homepage: http://coffeekraken.io
Version: 0.0.1
License: MIT
Contributors: Olivier Bossel <olivier.bossel@gmail.com>

###########################################################################


# 2020-03-04T16:29:12.768Z
# 

###########################################################################
@coffeekraken/squid-sample

A sample application based on the @coffeekraken/squid framework

Author: Coffeekraken <hello@coffeekraken.io>
Homepage: http://coffeekraken.io
Version: 0.0.1
License: MIT
Contributors: Olivier Bossel <olivier.bossel@gmail.com>

###########################################################################


# 2020-03-04T16:28:32.078Z
# 

###########################################################################
@coffeekraken/squid-sample

A sample application based on the @coffeekraken/squid framework

Author: Coffeekraken <hello@coffeekraken.io>
Homepage: http://coffeekraken.io
Version: 0.0.1
License: MIT
Contributors: Olivier Bossel <olivier.bossel@gmail.com>

###########################################################################


# 2020-03-04T16:27:42.623Z
# 

###########################################################################
@coffeekraken/squid-sample

A sample application based on the @coffeekraken/squid framework

Author: Coffeekraken <hello@coffeekraken.io>
Homepage: http://coffeekraken.io
Version: 0.0.1
License: MIT
Contributors: Olivier Bossel <olivier.bossel@gmail.com>

###########################################################################


# 2020-03-04T16:27:00.784Z
# 

###########################################################################
@coffeekraken/squid-sample

A sample application based on the @coffeekraken/squid framework

Author: Coffeekraken <hello@coffeekraken.io>
Homepage: http://coffeekraken.io
Version: 0.0.1
License: MIT
Contributors: Olivier Bossel <olivier.bossel@gmail.com>

###########################################################################


# 2020-03-04T16:26:09.078Z
# 

###########################################################################
@coffeekraken/squid-sample

A sample application based on the @coffeekraken/squid framework

Author: Coffeekraken <hello@coffeekraken.io>
Homepage: http://coffeekraken.io
Version: 0.0.1
License: MIT
Contributors: Olivier Bossel <olivier.bossel@gmail.com>

###########################################################################


# 2020-03-04T16:26:02.498Z
# 

###########################################################################
@coffeekraken/squid-sample

A sample application based on the @coffeekraken/squid framework

Author: Coffeekraken <hello@coffeekraken.io>
Homepage: http://coffeekraken.io
Version: 0.0.1
License: MIT
Contributors: Olivier Bossel <olivier.bossel@gmail.com>

###########################################################################


# 2020-03-04T16:24:59.078Z
# 

###########################################################################
@coffeekraken/squid-sample

A sample application based on the @coffeekraken/squid framework

Author: Coffeekraken <hello@coffeekraken.io>
Homepage: http://coffeekraken.io
Version: 0.0.1
License: MIT
Contributors: Olivier Bossel <olivier.bossel@gmail.com>

###########################################################################


# 2020-03-04T16:23:33.712Z
# 

###########################################################################
@coffeekraken/squid-sample

A sample application based on the @coffeekraken/squid framework

Author: Coffeekraken <hello@coffeekraken.io>
Homepage: http://coffeekraken.io
Version: 0.0.1
License: MIT
Contributors: Olivier Bossel <olivier.bossel@gmail.com>

###########################################################################


# 2020-03-04T16:20:28.000Z
# 

###########################################################################
@coffeekraken/squid-sample

A sample application based on the @coffeekraken/squid framework

Author: Coffeekraken <hello@coffeekraken.io>
Homepage: http://coffeekraken.io
Version: 0.0.1
License: MIT
Contributors: Olivier Bossel <olivier.bossel@gmail.com>

###########################################################################


# 2020-03-04T16:19:48.585Z
# 

###########################################################################
@coffeekraken/squid-sample

A sample application based on the @coffeekraken/squid framework

Author: Coffeekraken <hello@coffeekraken.io>
Homepage: http://coffeekraken.io
Version: 0.0.1
License: MIT
Contributors: Olivier Bossel <olivier.bossel@gmail.com>

###########################################################################


# 2020-03-04T16:18:52.485Z
# 

###########################################################################
@coffeekraken/squid-sample

A sample application based on the @coffeekraken/squid framework

Author: Coffeekraken <hello@coffeekraken.io>
Homepage: http://coffeekraken.io
Version: 0.0.1
License: MIT
Contributors: Olivier Bossel <olivier.bossel@gmail.com>

###########################################################################


# 2020-03-04T16:17:41.853Z
# 

###########################################################################
@coffeekraken/squid-sample

A sample application based on the @coffeekraken/squid framework

Author: Coffeekraken <hello@coffeekraken.io>
Homepage: http://coffeekraken.io
Version: 0.0.1
License: MIT
Contributors: Olivier Bossel <olivier.bossel@gmail.com>

###########################################################################


# 2020-03-04T16:15:12.148Z
# 

###########################################################################
@coffeekraken/squid-sample

A sample application based on the @coffeekraken/squid framework

Author: Coffeekraken <hello@coffeekraken.io>
Homepage: http://coffeekraken.io
Version: 0.0.1
License: MIT
Contributors: Olivier Bossel <olivier.bossel@gmail.com>

###########################################################################


# 2020-03-04T16:14:36.277Z
# 

###########################################################################
@coffeekraken/squid-sample

A sample application based on the @coffeekraken/squid framework

Author: Coffeekraken <hello@coffeekraken.io>
Homepage: http://coffeekraken.io
Version: 0.0.1
License: MIT
Contributors: Olivier Bossel <olivier.bossel@gmail.com>

###########################################################################


# 2020-03-04T16:12:50.367Z
# 

###########################################################################
@coffeekraken/squid-sample

A sample application based on the @coffeekraken/squid framework

Author: Coffeekraken <hello@coffeekraken.io>
Homepage: http://coffeekraken.io
Version: 0.0.1
License: MIT
Contributors: Olivier Bossel <olivier.bossel@gmail.com>

###########################################################################


# 2020-03-04T16:11:32.878Z
# 

###########################################################################
@coffeekraken/squid-sample

A sample application based on the @coffeekraken/squid framework

Author: Coffeekraken <hello@coffeekraken.io>
Homepage: http://coffeekraken.io
Version: 0.0.1
License: MIT
Contributors: Olivier Bossel <olivier.bossel@gmail.com>

###########################################################################


# 2020-03-04T16:10:46.364Z
# 

###########################################################################
@coffeekraken/squid-sample

A sample application based on the @coffeekraken/squid framework

Author: Coffeekraken <hello@coffeekraken.io>
Homepage: http://coffeekraken.io
Version: 0.0.1
License: MIT
Contributors: Olivier Bossel <olivier.bossel@gmail.com>

###########################################################################


# 2020-03-04T16:03:53.667Z
# 

###########################################################################
@coffeekraken/squid-sample

A sample application based on the @coffeekraken/squid framework

Author: Coffeekraken <hello@coffeekraken.io>
Homepage: http://coffeekraken.io
Version: 0.0.1
License: MIT
Contributors: Olivier Bossel <olivier.bossel@gmail.com>

###########################################################################


# 2020-03-04T16:02:21.458Z
# 

###########################################################################
@coffeekraken/squid-sample

A sample application based on the @coffeekraken/squid framework

Author: Coffeekraken <hello@coffeekraken.io>
Homepage: http://coffeekraken.io
Version: 0.0.1
License: MIT
Contributors: Olivier Bossel <olivier.bossel@gmail.com>

###########################################################################


# 2020-03-04T16:00:06.663Z
# 

###########################################################################
@coffeekraken/squid-sample

A sample application based on the @coffeekraken/squid framework

Author: Coffeekraken <hello@coffeekraken.io>
Homepage: http://coffeekraken.io
Version: 0.0.1
License: MIT
Contributors: Olivier Bossel <olivier.bossel@gmail.com>

###########################################################################


# 2020-03-04T15:59:35.287Z
# 

###########################################################################
@coffeekraken/squid-sample

A sample application based on the @coffeekraken/squid framework

Author: Coffeekraken <hello@coffeekraken.io>
Homepage: http://coffeekraken.io
Version: 0.0.1
License: MIT
Contributors: Olivier Bossel <olivier.bossel@gmail.com>

###########################################################################


# 2020-03-04T15:59:12.203Z
# 

###########################################################################
@coffeekraken/squid-sample

A sample application based on the @coffeekraken/squid framework

Author: Coffeekraken <hello@coffeekraken.io>
Homepage: http://coffeekraken.io
Version: 0.0.1
License: MIT
Contributors: Olivier Bossel <olivier.bossel@gmail.com>

###########################################################################


# 2020-03-04T15:58:06.448Z
# 

###########################################################################
@coffeekraken/squid-sample

A sample application based on the @coffeekraken/squid framework

Author: Coffeekraken <hello@coffeekraken.io>
Homepage: http://coffeekraken.io
Version: 0.0.1
License: MIT
Contributors: Olivier Bossel <olivier.bossel@gmail.com>

###########################################################################


# 2020-03-04T15:57:12.011Z
# 

###########################################################################
@coffeekraken/squid-sample

A sample application based on the @coffeekraken/squid framework

Author: Coffeekraken <hello@coffeekraken.io>
Homepage: http://coffeekraken.io
Version: 0.0.1
License: MIT
Contributors: Olivier Bossel <olivier.bossel@gmail.com>

###########################################################################


# 2020-03-04T15:56:22.778Z
# 

###########################################################################
@coffeekraken/squid-sample

A sample application based on the @coffeekraken/squid framework

Author: Coffeekraken <hello@coffeekraken.io>
Homepage: http://coffeekraken.io
Version: 0.0.1
License: MIT
Contributors: Olivier Bossel <olivier.bossel@gmail.com>

###########################################################################


# 2020-03-04T15:55:14.345Z
# 

###########################################################################
@coffeekraken/squid-sample

A sample application based on the @coffeekraken/squid framework

Author: Coffeekraken <hello@coffeekraken.io>
Homepage: http://coffeekraken.io
Version: 0.0.1
License: MIT
Contributors: Olivier Bossel <olivier.bossel@gmail.com>

###########################################################################


# 2020-03-04T15:53:37.872Z
# 

###########################################################################
@coffeekraken/squid-sample

A sample application based on the @coffeekraken/squid framework

Author: Coffeekraken <hello@coffeekraken.io>
Homepage: http://coffeekraken.io
Version: 0.0.1
License: MIT
Contributors: Olivier Bossel <olivier.bossel@gmail.com>

###########################################################################


# 2020-03-04T15:52:20.507Z
# 

###########################################################################
@coffeekraken/squid-sample

A sample application based on the @coffeekraken/squid framework

Author: Coffeekraken <hello@coffeekraken.io>
Homepage: http://coffeekraken.io
Version: 0.0.1
License: MIT
Contributors: Olivier Bossel <olivier.bossel@gmail.com>

###########################################################################


# 2020-03-04T15:51:07.545Z
# 

###########################################################################
@coffeekraken/squid-sample

A sample application based on the @coffeekraken/squid framework

Author: Coffeekraken <hello@coffeekraken.io>
Homepage: http://coffeekraken.io
Version: 0.0.1
License: MIT
Contributors: Olivier Bossel <olivier.bossel@gmail.com>

###########################################################################


# 2020-03-04T15:49:27.693Z
# 

###########################################################################
@coffeekraken/squid-sample

A sample application based on the @coffeekraken/squid framework

Author: Coffeekraken <hello@coffeekraken.io>
Homepage: http://coffeekraken.io
Version: 0.0.1
License: MIT
Contributors: Olivier Bossel <olivier.bossel@gmail.com>

###########################################################################


# 2020-03-04T15:48:22.092Z
# 

###########################################################################
@coffeekraken/squid-sample

A sample application based on the @coffeekraken/squid framework

Author: Coffeekraken <hello@coffeekraken.io>
Homepage: http://coffeekraken.io
Version: 0.0.1
License: MIT
Contributors: Olivier Bossel <olivier.bossel@gmail.com>

###########################################################################


# 2020-03-04T15:46:47.304Z
# 

###########################################################################
@coffeekraken/squid-sample

A sample application based on the @coffeekraken/squid framework

Author: Coffeekraken <hello@coffeekraken.io>
Homepage: http://coffeekraken.io
Version: 0.0.1
License: MIT
Contributors: Olivier Bossel <olivier.bossel@gmail.com>

###########################################################################


# 2020-03-04T15:45:50.791Z
# 

###########################################################################
@coffeekraken/squid-sample

A sample application based on the @coffeekraken/squid framework

Author: Coffeekraken <hello@coffeekraken.io>
Homepage: http://coffeekraken.io
Version: 0.0.1
License: MIT
Contributors: Olivier Bossel <olivier.bossel@gmail.com>

###########################################################################


# 2020-03-04T15:45:25.885Z
# 

###########################################################################
@coffeekraken/squid-sample

A sample application based on the @coffeekraken/squid framework

Author: Coffeekraken <hello@coffeekraken.io>
Homepage: http://coffeekraken.io
Version: 0.0.1
License: MIT
Contributors: Olivier Bossel <olivier.bossel@gmail.com>

###########################################################################


# 2020-03-04T15:44:28.828Z
# 

###########################################################################
@coffeekraken/squid-sample

A sample application based on the @coffeekraken/squid framework

Author: Coffeekraken <hello@coffeekraken.io>
Homepage: http://coffeekraken.io
Version: 0.0.1
License: MIT
Contributors: Olivier Bossel <olivier.bossel@gmail.com>

###########################################################################


# 2020-03-04T15:43:37.068Z
# 

###########################################################################
@coffeekraken/squid-sample

A sample application based on the @coffeekraken/squid framework

Author: Coffeekraken <hello@coffeekraken.io>
Homepage: http://coffeekraken.io
Version: 0.0.1
License: MIT
Contributors: Olivier Bossel <olivier.bossel@gmail.com>

###########################################################################


# 2020-03-04T15:41:09.348Z
# 

###########################################################################
@coffeekraken/squid-sample

A sample application based on the @coffeekraken/squid framework

Author: Coffeekraken <hello@coffeekraken.io>
Homepage: http://coffeekraken.io
Version: 0.0.1
License: MIT
Contributors: Olivier Bossel <olivier.bossel@gmail.com>

###########################################################################


# 2020-03-04T15:39:13.755Z
# 

###########################################################################
@coffeekraken/squid-sample

A sample application based on the @coffeekraken/squid framework

Author: Coffeekraken <hello@coffeekraken.io>
Homepage: http://coffeekraken.io
Version: 0.0.1
License: MIT
Contributors: Olivier Bossel <olivier.bossel@gmail.com>

###########################################################################


# 2020-03-04T15:37:20.278Z
# 

###########################################################################
@coffeekraken/squid-sample

A sample application based on the @coffeekraken/squid framework

Author: Coffeekraken <hello@coffeekraken.io>
Homepage: http://coffeekraken.io
Version: 0.0.1
License: MIT
Contributors: Olivier Bossel <olivier.bossel@gmail.com>

###########################################################################


# 2020-03-04T15:36:15.818Z
# 

###########################################################################
@coffeekraken/squid-sample

A sample application based on the @coffeekraken/squid framework

Author: Coffeekraken <hello@coffeekraken.io>
Homepage: http://coffeekraken.io
Version: 0.0.1
License: MIT
Contributors: Olivier Bossel <olivier.bossel@gmail.com>

###########################################################################


# 2020-03-04T15:35:30.357Z
# 

###########################################################################
@coffeekraken/squid-sample

A sample application based on the @coffeekraken/squid framework

Author: Coffeekraken <hello@coffeekraken.io>
Homepage: http://coffeekraken.io
Version: 0.0.1
License: MIT
Contributors: Olivier Bossel <olivier.bossel@gmail.com>

###########################################################################


# 2020-03-04T15:34:42.863Z
# 

###########################################################################
@coffeekraken/squid-sample

A sample application based on the @coffeekraken/squid framework

Author: Coffeekraken <hello@coffeekraken.io>
Homepage: http://coffeekraken.io
Version: 0.0.1
License: MIT
Contributors: Olivier Bossel <olivier.bossel@gmail.com>

###########################################################################


# 2020-03-04T15:33:57.313Z
# 

###########################################################################
@coffeekraken/squid-sample

A sample application based on the @coffeekraken/squid framework

Author: Coffeekraken <hello@coffeekraken.io>
Homepage: http://coffeekraken.io
Version: 0.0.1
License: MIT
Contributors: Olivier Bossel <olivier.bossel@gmail.com>

###########################################################################


# 2020-03-04T15:33:18.140Z
# 

###########################################################################
@coffeekraken/squid-sample

A sample application based on the @coffeekraken/squid framework

Author: Coffeekraken <hello@coffeekraken.io>
Homepage: http://coffeekraken.io
Version: 0.0.1
License: MIT
Contributors: Olivier Bossel <olivier.bossel@gmail.com>

###########################################################################


# 2020-03-04T15:32:17.126Z
# 

###########################################################################
@coffeekraken/squid-sample

A sample application based on the @coffeekraken/squid framework

Author: Coffeekraken <hello@coffeekraken.io>
Homepage: http://coffeekraken.io
Version: 0.0.1
License: MIT
Contributors: Olivier Bossel <olivier.bossel@gmail.com>

###########################################################################


# 2020-03-04T15:31:32.365Z
# 

###########################################################################
@coffeekraken/squid-sample

A sample application based on the @coffeekraken/squid framework

Author: Coffeekraken <hello@coffeekraken.io>
Homepage: http://coffeekraken.io
Version: 0.0.1
License: MIT
Contributors: Olivier Bossel <olivier.bossel@gmail.com>

###########################################################################


# 2020-03-04T15:30:18.583Z
# 

###########################################################################
@coffeekraken/squid-sample

A sample application based on the @coffeekraken/squid framework

Author: Coffeekraken <hello@coffeekraken.io>
Homepage: http://coffeekraken.io
Version: 0.0.1
License: MIT
Contributors: Olivier Bossel <olivier.bossel@gmail.com>

###########################################################################


# 2020-03-04T15:28:17.147Z
# 

###########################################################################
@coffeekraken/squid-sample

A sample application based on the @coffeekraken/squid framework

Author: Coffeekraken <hello@coffeekraken.io>
Homepage: http://coffeekraken.io
Version: 0.0.1
License: MIT
Contributors: Olivier Bossel <olivier.bossel@gmail.com>

###########################################################################


# 2020-03-04T15:28:03.862Z
# 

###########################################################################
@coffeekraken/squid-sample

A sample application based on the @coffeekraken/squid framework

Author: Coffeekraken <hello@coffeekraken.io>
Homepage: http://coffeekraken.io
Version: 0.0.1
License: MIT
Contributors: Olivier Bossel <olivier.bossel@gmail.com>

###########################################################################


# 2020-03-04T15:27:17.209Z
# 

###########################################################################
@coffeekraken/squid-sample

A sample application based on the @coffeekraken/squid framework

Author: Coffeekraken <hello@coffeekraken.io>
Homepage: http://coffeekraken.io
Version: 0.0.1
License: MIT
Contributors: Olivier Bossel <olivier.bossel@gmail.com>

###########################################################################


# 2020-03-04T15:26:50.077Z
# 

###########################################################################
@coffeekraken/squid-sample

A sample application based on the @coffeekraken/squid framework

Author: Coffeekraken <hello@coffeekraken.io>
Homepage: http://coffeekraken.io
Version: 0.0.1
License: MIT
Contributors: Olivier Bossel <olivier.bossel@gmail.com>

###########################################################################


# 2020-03-04T15:26:20.001Z
# 

###########################################################################
@coffeekraken/squid-sample

A sample application based on the @coffeekraken/squid framework

Author: Coffeekraken <hello@coffeekraken.io>
Homepage: http://coffeekraken.io
Version: 0.0.1
License: MIT
Contributors: Olivier Bossel <olivier.bossel@gmail.com>

###########################################################################


# 2020-03-04T15:25:20.394Z
# 

###########################################################################
@coffeekraken/squid-sample

A sample application based on the @coffeekraken/squid framework

Author: Coffeekraken <hello@coffeekraken.io>
Homepage: http://coffeekraken.io
Version: 0.0.1
License: MIT
Contributors: Olivier Bossel <olivier.bossel@gmail.com>

###########################################################################


# 2020-03-04T15:24:04.596Z
# 

###########################################################################
@coffeekraken/squid-sample

A sample application based on the @coffeekraken/squid framework

Author: Coffeekraken <hello@coffeekraken.io>
Homepage: http://coffeekraken.io
Version: 0.0.1
License: MIT
Contributors: Olivier Bossel <olivier.bossel@gmail.com>

###########################################################################


# 2020-03-04T15:23:19.573Z
# 

###########################################################################
@coffeekraken/squid-sample

A sample application based on the @coffeekraken/squid framework

Author: Coffeekraken <hello@coffeekraken.io>
Homepage: http://coffeekraken.io
Version: 0.0.1
License: MIT
Contributors: Olivier Bossel <olivier.bossel@gmail.com>

###########################################################################


# 2020-03-04T15:20:44.894Z
# 

###########################################################################
@coffeekraken/squid-sample

A sample application based on the @coffeekraken/squid framework

Author: Coffeekraken <hello@coffeekraken.io>
Homepage: http://coffeekraken.io
Version: 0.0.1
License: MIT
Contributors: Olivier Bossel <olivier.bossel@gmail.com>

###########################################################################


# 2020-03-04T15:18:49.928Z
# 

###########################################################################
@coffeekraken/squid-sample

A sample application based on the @coffeekraken/squid framework

Author: Coffeekraken <hello@coffeekraken.io>
Homepage: http://coffeekraken.io
Version: 0.0.1
License: MIT
Contributors: Olivier Bossel <olivier.bossel@gmail.com>

###########################################################################


# 2020-03-04T15:17:20.421Z
# 

###########################################################################
@coffeekraken/squid-sample

A sample application based on the @coffeekraken/squid framework

Author: Coffeekraken <hello@coffeekraken.io>
Homepage: http://coffeekraken.io
Version: 0.0.1
License: MIT
Contributors: Olivier Bossel <olivier.bossel@gmail.com>

###########################################################################


# 2020-03-04T15:15:21.491Z
# 

###########################################################################
@coffeekraken/squid-sample

A sample application based on the @coffeekraken/squid framework

Author: Coffeekraken <hello@coffeekraken.io>
Homepage: http://coffeekraken.io
Version: 0.0.1
License: MIT
Contributors: Olivier Bossel <olivier.bossel@gmail.com>

###########################################################################


# 2020-03-04T15:13:43.533Z
# 

###########################################################################
@coffeekraken/squid-sample

A sample application based on the @coffeekraken/squid framework

Author: Coffeekraken <hello@coffeekraken.io>
Homepage: http://coffeekraken.io
Version: 0.0.1
License: MIT
Contributors: Olivier Bossel <olivier.bossel@gmail.com>

###########################################################################


# 2020-03-04T14:54:23.887Z
# 

###########################################################################
@coffeekraken/squid-sample

A sample application based on the @coffeekraken/squid framework

Author: Coffeekraken <hello@coffeekraken.io>
Homepage: http://coffeekraken.io
Version: 0.0.1
License: MIT
Contributors: Olivier Bossel <olivier.bossel@gmail.com>

###########################################################################


