[31muncaughtException: __appRootPath is not a function[39m
[31mTypeError: __appRootPath is not a function[39m
[31m    at Command.<anonymous> (/Users/olivierbossel/data/web/coffeekraken/coffeekraken/terminal/monorepo/bin/coffeekraken-monorepo.js:112:19)[39m
[31m    at Command.listener (/Users/olivierbossel/data/web/coffeekraken/coffeekraken/terminal/monorepo/node_modules/commander/index.js:360:8)[39m
[31m    at Command.emit (events.js:210:5)[39m
[31m    at Command.parseArgs (/Users/olivierbossel/data/web/coffeekraken/coffeekraken/terminal/monorepo/node_modules/commander/index.js:799:12)[39m
[31m    at Command.parse (/Users/olivierbossel/data/web/coffeekraken/coffeekraken/terminal/monorepo/node_modules/commander/index.js:563:21)[39m
[31m    at Object.<anonymous> (/Users/olivierbossel/data/web/coffeekraken/coffeekraken/terminal/monorepo/bin/coffeekraken-monorepo.js:203:11)[39m
[31m    at Module._compile (internal/modules/cjs/loader.js:959:30)[39m
[31m    at Object.Module._extensions..js (internal/modules/cjs/loader.js:995:10)[39m
[31m    at Module.load (internal/modules/cjs/loader.js:815:32)[39m
[31m    at Function.Module._load (internal/modules/cjs/loader.js:727:14)[39m
[31muncaughtException: rprocess is not defined[39m
[31mReferenceError: rprocess is not defined[39m
[31m    at Command.<anonymous> (/Users/olivierbossel/data/web/coffeekraken/coffeekraken/terminal/monorepo/bin/coffeekraken-monorepo.js:236:30)[39m
[31m    at Command.listener (/Users/olivierbossel/data/web/coffeekraken/coffeekraken/terminal/monorepo/node_modules/commander/index.js:360:8)[39m
[31m    at Command.emit (events.js:210:5)[39m
[31m    at Command.parseArgs (/Users/olivierbossel/data/web/coffeekraken/coffeekraken/terminal/monorepo/node_modules/commander/index.js:799:12)[39m
[31m    at Command.parse (/Users/olivierbossel/data/web/coffeekraken/coffeekraken/terminal/monorepo/node_modules/commander/index.js:563:21)[39m
[31m    at Object.<anonymous> (/Users/olivierbossel/data/web/coffeekraken/coffeekraken/terminal/monorepo/bin/coffeekraken-monorepo.js:447:11)[39m
[31m    at Module._compile (internal/modules/cjs/loader.js:959:30)[39m
[31m    at Object.Module._extensions..js (internal/modules/cjs/loader.js:995:10)[39m
[31m    at Module.load (internal/modules/cjs/loader.js:815:32)[39m
[31m    at Function.Module._load (internal/modules/cjs/loader.js:727:14)[39m
[31muncaughtException: localPackageJson is not defined[39m
[31mReferenceError: localPackageJson is not defined[39m
[31m    at Object.<anonymous> (/Users/olivierbossel/data/web/coffeekraken/coffeekraken/terminal/monorepo/bin/coffeekraken-monorepo.js:19:12)[39m
[31m    at Module._compile (internal/modules/cjs/loader.js:959:30)[39m
[31m    at Object.Module._extensions..js (internal/modules/cjs/loader.js:995:10)[39m
[31m    at Module.load (internal/modules/cjs/loader.js:815:32)[39m
[31m    at Function.Module._load (internal/modules/cjs/loader.js:727:14)[39m
[31m    at Function.Module.runMain (internal/modules/cjs/loader.js:1047:10)[39m
[31m    at internal/main/run_main_module.js:17:11[39m
[31muncaughtException: config is not defined[39m
[31mReferenceError: config is not defined[39m
[31m    at Object.<anonymous> (/Users/olivierbossel/data/web/coffeekraken/coffeekraken/terminal/monorepo/bin/coffeekraken-monorepo.js:30:91)[39m
[31m    at Module._compile (internal/modules/cjs/loader.js:959:30)[39m
[31m    at Object.Module._extensions..js (internal/modules/cjs/loader.js:995:10)[39m
[31m    at Module.load (internal/modules/cjs/loader.js:815:32)[39m
[31m    at Function.Module._load (internal/modules/cjs/loader.js:727:14)[39m
[31m    at Function.Module.runMain (internal/modules/cjs/loader.js:1047:10)[39m
[31m    at internal/main/run_main_module.js:17:11[39m
[31muncaughtException: localPackageJson is not defined[39m
[31mReferenceError: localPackageJson is not defined[39m
[31m    at module.exports (/Users/olivierbossel/data/web/coffeekraken/coffeekraken/terminal/monorepo/bin/commands/doc.js:21:81)[39m
[31m    at Command.<anonymous> (/Users/olivierbossel/data/web/coffeekraken/coffeekraken/terminal/monorepo/bin/coffeekraken-monorepo.js:43:35)[39m
[31m    at Command.listener (/Users/olivierbossel/data/web/coffeekraken/coffeekraken/terminal/monorepo/node_modules/commander/index.js:360:8)[39m
[31m    at Command.emit (events.js:210:5)[39m
[31m    at Command.parseArgs (/Users/olivierbossel/data/web/coffeekraken/coffeekraken/terminal/monorepo/node_modules/commander/index.js:799:12)[39m
[31m    at Command.parse (/Users/olivierbossel/data/web/coffeekraken/coffeekraken/terminal/monorepo/node_modules/commander/index.js:563:21)[39m
[31m    at Object.<anonymous> (/Users/olivierbossel/data/web/coffeekraken/coffeekraken/terminal/monorepo/bin/coffeekraken-monorepo.js:57:11)[39m
[31m    at Module._compile (internal/modules/cjs/loader.js:959:30)[39m
[31m    at Object.Module._extensions..js (internal/modules/cjs/loader.js:995:10)[39m
[31m    at Module.load (internal/modules/cjs/loader.js:815:32)[39m
[31muncaughtException: repositoryRootPath is not defined[39m
[31mReferenceError: repositoryRootPath is not defined[39m
[31m    at module.exports (/Users/olivierbossel/data/web/coffeekraken/coffeekraken/terminal/monorepo/bin/commands/docAll.js:10:10)[39m
[31m    at Command.<anonymous> (/Users/olivierbossel/data/web/coffeekraken/coffeekraken/terminal/monorepo/bin/coffeekraken-monorepo.js:42:52)[39m
[31m    at Command.listener (/Users/olivierbossel/data/web/coffeekraken/coffeekraken/terminal/monorepo/node_modules/commander/index.js:360:8)[39m
[31m    at Command.emit (events.js:210:5)[39m
[31m    at Command.parseArgs (/Users/olivierbossel/data/web/coffeekraken/coffeekraken/terminal/monorepo/node_modules/commander/index.js:799:12)[39m
[31m    at Command.parse (/Users/olivierbossel/data/web/coffeekraken/coffeekraken/terminal/monorepo/node_modules/commander/index.js:563:21)[39m
[31m    at Object.<anonymous> (/Users/olivierbossel/data/web/coffeekraken/coffeekraken/terminal/monorepo/bin/coffeekraken-monorepo.js:57:11)[39m
[31m    at Module._compile (internal/modules/cjs/loader.js:959:30)[39m
[31m    at Object.Module._extensions..js (internal/modules/cjs/loader.js:995:10)[39m
[31m    at Module.load (internal/modules/cjs/loader.js:815:32)[39m
[31muncaughtException: config is not defined[39m
[31mReferenceError: config is not defined[39m
[31m    at /Users/olivierbossel/data/web/coffeekraken/coffeekraken/terminal/monorepo/bin/commands/docAll.js:27:92[39m
[31m    at Array.forEach (<anonymous>)[39m
[31m    at module.exports (/Users/olivierbossel/data/web/coffeekraken/coffeekraken/terminal/monorepo/bin/commands/docAll.js:21:14)[39m
[31m    at Command.<anonymous> (/Users/olivierbossel/data/web/coffeekraken/coffeekraken/terminal/monorepo/bin/coffeekraken-monorepo.js:42:52)[39m
[31m    at Command.listener (/Users/olivierbossel/data/web/coffeekraken/coffeekraken/terminal/monorepo/node_modules/commander/index.js:360:8)[39m
[31m    at Command.emit (events.js:210:5)[39m
[31m    at Command.parseArgs (/Users/olivierbossel/data/web/coffeekraken/coffeekraken/terminal/monorepo/node_modules/commander/index.js:799:12)[39m
[31m    at Command.parse (/Users/olivierbossel/data/web/coffeekraken/coffeekraken/terminal/monorepo/node_modules/commander/index.js:563:21)[39m
[31m    at Object.<anonymous> (/Users/olivierbossel/data/web/coffeekraken/coffeekraken/terminal/monorepo/bin/coffeekraken-monorepo.js:57:11)[39m
[31m    at Module._compile (internal/modules/cjs/loader.js:959:30)[39m
[31muncaughtException: __log is not defined[39m
[31mReferenceError: __log is not defined[39m
[31m    at Command.module.exports (/Users/olivierbossel/data/web/coffeekraken/coffeekraken/terminal/monorepo/bin/commands/docMap.js:3:3)[39m
[31m    at Command.listener (/Users/olivierbossel/data/web/coffeekraken/coffeekraken/terminal/monorepo/node_modules/commander/index.js:360:8)[39m
[31m    at Command.emit (events.js:210:5)[39m
[31m    at Command.parseArgs (/Users/olivierbossel/data/web/coffeekraken/coffeekraken/terminal/monorepo/node_modules/commander/index.js:799:12)[39m
[31m    at Command.parse (/Users/olivierbossel/data/web/coffeekraken/coffeekraken/terminal/monorepo/node_modules/commander/index.js:563:21)[39m
[31m    at Object.<anonymous> (/Users/olivierbossel/data/web/coffeekraken/coffeekraken/terminal/monorepo/bin/coffeekraken-monorepo.js:57:11)[39m
[31m    at Module._compile (internal/modules/cjs/loader.js:959:30)[39m
[31m    at Object.Module._extensions..js (internal/modules/cjs/loader.js:995:10)[39m
[31m    at Module.load (internal/modules/cjs/loader.js:815:32)[39m
[31m    at Function.Module._load (internal/modules/cjs/loader.js:727:14)[39m
[31muncaughtException: _config is not defined[39m
[31mReferenceError: _config is not defined[39m
[31m    at Command.module.exports (/Users/olivierbossel/data/web/coffeekraken/coffeekraken/terminal/monorepo/bin/commands/docMap.js:10:32)[39m
[31m    at Command.listener (/Users/olivierbossel/data/web/coffeekraken/coffeekraken/terminal/monorepo/node_modules/commander/index.js:360:8)[39m
[31m    at Command.emit (events.js:210:5)[39m
[31m    at Command.parseArgs (/Users/olivierbossel/data/web/coffeekraken/coffeekraken/terminal/monorepo/node_modules/commander/index.js:799:12)[39m
[31m    at Command.parse (/Users/olivierbossel/data/web/coffeekraken/coffeekraken/terminal/monorepo/node_modules/commander/index.js:563:21)[39m
[31m    at Object.<anonymous> (/Users/olivierbossel/data/web/coffeekraken/coffeekraken/terminal/monorepo/bin/coffeekraken-monorepo.js:57:11)[39m
[31m    at Module._compile (internal/modules/cjs/loader.js:959:30)[39m
[31m    at Object.Module._extensions..js (internal/modules/cjs/loader.js:995:10)[39m
[31m    at Module.load (internal/modules/cjs/loader.js:815:32)[39m
[31m    at Function.Module._load (internal/modules/cjs/loader.js:727:14)[39m
[31muncaughtException: _config is not defined[39m
[31mReferenceError: _config is not defined[39m
[31m    at Command.module.exports (/Users/olivierbossel/data/web/coffeekraken/coffeekraken/terminal/monorepo/bin/commands/docMap.js:10:32)[39m
[31m    at Command.listener (/Users/olivierbossel/data/web/coffeekraken/coffeekraken/terminal/monorepo/node_modules/commander/index.js:360:8)[39m
[31m    at Command.emit (events.js:210:5)[39m
[31m    at Command.parseArgs (/Users/olivierbossel/data/web/coffeekraken/coffeekraken/terminal/monorepo/node_modules/commander/index.js:799:12)[39m
[31m    at Command.parse (/Users/olivierbossel/data/web/coffeekraken/coffeekraken/terminal/monorepo/node_modules/commander/index.js:563:21)[39m
[31m    at Object.<anonymous> (/Users/olivierbossel/data/web/coffeekraken/coffeekraken/terminal/monorepo/bin/coffeekraken-monorepo.js:57:11)[39m
[31m    at Module._compile (internal/modules/cjs/loader.js:959:30)[39m
[31m    at Object.Module._extensions..js (internal/modules/cjs/loader.js:995:10)[39m
[31m    at Module.load (internal/modules/cjs/loader.js:815:32)[39m
[31m    at Function.Module._load (internal/modules/cjs/loader.js:727:14)[39m
[31muncaughtException: exec is not defined[39m
[31mReferenceError: exec is not defined[39m
[31m    at Command.module.exports (/Users/olivierbossel/data/web/coffeekraken/coffeekraken/terminal/monorepo/bin/commands/run.js:32:3)[39m
[31m    at Command.listener (/Users/olivierbossel/data/web/coffeekraken/coffeekraken/terminal/monorepo/node_modules/commander/index.js:360:8)[39m
[31m    at Command.emit (events.js:210:5)[39m
[31m    at Command.parseArgs (/Users/olivierbossel/data/web/coffeekraken/coffeekraken/terminal/monorepo/node_modules/commander/index.js:799:12)[39m
[31m    at Command.parse (/Users/olivierbossel/data/web/coffeekraken/coffeekraken/terminal/monorepo/node_modules/commander/index.js:563:21)[39m
[31m    at Object.<anonymous> (/Users/olivierbossel/data/web/coffeekraken/coffeekraken/terminal/monorepo/bin/coffeekraken-monorepo.js:57:11)[39m
[31m    at Module._compile (internal/modules/cjs/loader.js:959:30)[39m
[31m    at Object.Module._extensions..js (internal/modules/cjs/loader.js:995:10)[39m
[31m    at Module.load (internal/modules/cjs/loader.js:815:32)[39m
[31m    at Function.Module._load (internal/modules/cjs/loader.js:727:14)[39m
[31muncaughtException: config is not defined[39m
[31mReferenceError: config is not defined[39m
[31m    at module.exports (/Users/olivierbossel/data/web/coffeekraken/coffeekraken/terminal/monorepo/bin/commands/test.js:33:8)[39m
[31m    at Command.<anonymous> (/Users/olivierbossel/data/web/coffeekraken/coffeekraken/terminal/monorepo/bin/coffeekraken-monorepo.js:33:36)[39m
[31m    at Command.listener (/Users/olivierbossel/data/web/coffeekraken/coffeekraken/terminal/monorepo/node_modules/commander/index.js:360:8)[39m
[31m    at Command.emit (events.js:210:5)[39m
[31m    at Command.parseArgs (/Users/olivierbossel/data/web/coffeekraken/coffeekraken/terminal/monorepo/node_modules/commander/index.js:799:12)[39m
[31m    at Command.parse (/Users/olivierbossel/data/web/coffeekraken/coffeekraken/terminal/monorepo/node_modules/commander/index.js:563:21)[39m
[31m    at Object.<anonymous> (/Users/olivierbossel/data/web/coffeekraken/coffeekraken/terminal/monorepo/bin/coffeekraken-monorepo.js:57:11)[39m
[31m    at Module._compile (internal/modules/cjs/loader.js:959:30)[39m
[31m    at Object.Module._extensions..js (internal/modules/cjs/loader.js:995:10)[39m
[31m    at Module.load (internal/modules/cjs/loader.js:815:32)[39m
[31muncaughtException: Unexpected token ')'[39m
[31m/Users/olivierbossel/data/web/coffeekraken/coffeekraken/terminal/monorepo/bin/commands/testAll.js:6[39m
[31mmodule.exports = () = {[39m
[31m                  ^[39m

[31mSyntaxError: Unexpected token ')'[39m
[31m    at Module._compile (internal/modules/cjs/loader.js:895:18)[39m
[31m    at Object.Module._extensions..js (internal/modules/cjs/loader.js:995:10)[39m
[31m    at Module.load (internal/modules/cjs/loader.js:815:32)[39m
[31m    at Function.Module._load (internal/modules/cjs/loader.js:727:14)[39m
[31m    at Module.require (internal/modules/cjs/loader.js:852:19)[39m
[31m    at require (internal/modules/cjs/helpers.js:74:18)[39m
[31m    at Command.<anonymous> (/Users/olivierbossel/data/web/coffeekraken/coffeekraken/terminal/monorepo/bin/coffeekraken-monorepo.js:32:24)[39m
[31m    at Command.listener (/Users/olivierbossel/data/web/coffeekraken/coffeekraken/terminal/monorepo/node_modules/commander/index.js:360:8)[39m
[31m    at Command.emit (events.js:210:5)[39m
[31m    at Command.parseArgs (/Users/olivierbossel/data/web/coffeekraken/coffeekraken/terminal/monorepo/node_modules/commander/index.js:799:12)[39m
[31muncaughtException: all is not defined[39m
[31mReferenceError: all is not defined[39m
[31m    at Command.<anonymous> (/Users/olivierbossel/data/web/coffeekraken/coffeekraken/terminal/monorepo/bin/coffeekraken-monorepo.js:59:5)[39m
[31m    at Command.listener (/Users/olivierbossel/data/web/coffeekraken/coffeekraken/terminal/monorepo/node_modules/commander/index.js:360:8)[39m
[31m    at Command.emit (events.js:210:5)[39m
[31m    at Command.parseArgs (/Users/olivierbossel/data/web/coffeekraken/coffeekraken/terminal/monorepo/node_modules/commander/index.js:799:12)[39m
[31m    at Command.parse (/Users/olivierbossel/data/web/coffeekraken/coffeekraken/terminal/monorepo/node_modules/commander/index.js:563:21)[39m
[31m    at Object.<anonymous> (/Users/olivierbossel/data/web/coffeekraken/coffeekraken/terminal/monorepo/bin/coffeekraken-monorepo.js:84:11)[39m
[31m    at Module._compile (internal/modules/cjs/loader.js:959:30)[39m
[31m    at Object.Module._extensions..js (internal/modules/cjs/loader.js:995:10)[39m
[31m    at Module.load (internal/modules/cjs/loader.js:815:32)[39m
[31m    at Function.Module._load (internal/modules/cjs/loader.js:727:14)[39m
[31muncaughtException: script is not defined[39m
[31mReferenceError: script is not defined[39m
[31m    at /Users/olivierbossel/data/web/coffeekraken/coffeekraken/terminal/monorepo/bin/commands/js.js:17:26[39m
[31m    at ChildProcess.<anonymous> (/Users/olivierbossel/data/web/coffeekraken/coffeekraken/terminal/monorepo/node_modules/exec-sh/lib/exec-sh.js:77:7)[39m
[31m    at ChildProcess.emit (events.js:210:5)[39m
[31m    at maybeClose (internal/child_process.js:1021:16)[39m
[31m    at Process.ChildProcess._handle.onexit (internal/child_process.js:283:5)[39m
[31muncaughtException: spawn /Users/olivierbossel/data/web/coffeekraken/coffeekraken/terminal/monorepo/node_modules/@coffeekraken/scripts-stack/bin/coffeekraken-scripts-stack  ENOENT[39m
[31mError: spawn /Users/olivierbossel/data/web/coffeekraken/coffeekraken/terminal/monorepo/node_modules/@coffeekraken/scripts-stack/bin/coffeekraken-scripts-stack  ENOENT[39m
[31m    at Process.ChildProcess._handle.onexit (internal/child_process.js:264:19)[39m
[31m    at onErrorNT (internal/child_process.js:456:16)[39m
[31m    at processTicksAndRejections (internal/process/task_queues.js:80:21)[39m
[31muncaughtException: spawn /Users/olivierbossel/data/web/coffeekraken/coffeekraken/terminal/monorepo/node_modules/@coffeekraken/scripts-stack/bin/coffeekraken-scripts-stack  ENOENT[39m
[31mError: spawn /Users/olivierbossel/data/web/coffeekraken/coffeekraken/terminal/monorepo/node_modules/@coffeekraken/scripts-stack/bin/coffeekraken-scripts-stack  ENOENT[39m
[31m    at Process.ChildProcess._handle.onexit (internal/child_process.js:264:19)[39m
[31m    at onErrorNT (internal/child_process.js:456:16)[39m
[31m    at processTicksAndRejections (internal/process/task_queues.js:80:21)[39m
[31muncaughtException: spawn /Users/olivierbossel/data/web/coffeekraken/coffeekraken/terminal/monorepo/node_modules/@coffeekraken/scripts-stack/bin/coffeekraken-scripts-stack  ENOENT[39m
[31mError: spawn /Users/olivierbossel/data/web/coffeekraken/coffeekraken/terminal/monorepo/node_modules/@coffeekraken/scripts-stack/bin/coffeekraken-scripts-stack  ENOENT[39m
[31m    at Process.ChildProcess._handle.onexit (internal/child_process.js:264:19)[39m
[31m    at onErrorNT (internal/child_process.js:456:16)[39m
[31m    at processTicksAndRejections (internal/process/task_queues.js:80:21)[39m
[31muncaughtException: spawn /Users/olivierbossel/data/web/coffeekraken/coffeekraken/terminal/monorepo/node_modules/@coffeekraken/scripts-stack/bin/coffeekraken-scripts-stack  ENOENT[39m
[31mError: spawn /Users/olivierbossel/data/web/coffeekraken/coffeekraken/terminal/monorepo/node_modules/@coffeekraken/scripts-stack/bin/coffeekraken-scripts-stack  ENOENT[39m
[31m    at Process.ChildProcess._handle.onexit (internal/child_process.js:264:19)[39m
[31m    at onErrorNT (internal/child_process.js:456:16)[39m
[31m    at processTicksAndRejections (internal/process/task_queues.js:80:21)[39m
[31muncaughtException: spawn /Users/olivierbossel/data/web/coffeekraken/coffeekraken/terminal/monorepo/node_modules/@coffeekraken/scripts-stack/bin/coffeekraken-scripts-stack  ENOENT[39m
[31mError: spawn /Users/olivierbossel/data/web/coffeekraken/coffeekraken/terminal/monorepo/node_modules/@coffeekraken/scripts-stack/bin/coffeekraken-scripts-stack  ENOENT[39m
[31m    at Process.ChildProcess._handle.onexit (internal/child_process.js:264:19)[39m
[31m    at onErrorNT (internal/child_process.js:456:16)[39m
[31m    at processTicksAndRejections (internal/process/task_queues.js:80:21)[39m
[31muncaughtException: spawn /Users/olivierbossel/data/web/coffeekraken/coffeekraken/terminal/monorepo/node_modules/@coffeekraken/scripts-stack/bin/coffeekraken-scripts-stack  ENOENT[39m
[31mError: spawn /Users/olivierbossel/data/web/coffeekraken/coffeekraken/terminal/monorepo/node_modules/@coffeekraken/scripts-stack/bin/coffeekraken-scripts-stack  ENOENT[39m
[31m    at Process.ChildProcess._handle.onexit (internal/child_process.js:264:19)[39m
[31m    at onErrorNT (internal/child_process.js:456:16)[39m
[31m    at processTicksAndRejections (internal/process/task_queues.js:80:21)[39m
[31muncaughtException: spawn /Users/olivierbossel/data/web/coffeekraken/coffeekraken/terminal/monorepo/node_modules/@coffeekraken/scripts-stack/bin/coffeekraken-scripts-stack  ENOENT[39m
[31mError: spawn /Users/olivierbossel/data/web/coffeekraken/coffeekraken/terminal/monorepo/node_modules/@coffeekraken/scripts-stack/bin/coffeekraken-scripts-stack  ENOENT[39m
[31m    at Process.ChildProcess._handle.onexit (internal/child_process.js:264:19)[39m
[31m    at onErrorNT (internal/child_process.js:456:16)[39m
[31m    at processTicksAndRejections (internal/process/task_queues.js:80:21)[39m
[31muncaughtException: spawn node /Users/olivierbossel/data/web/coffeekraken/coffeekraken/terminal/monorepo/node_modules/@coffeekraken/scripts-stack/bin/coffeekraken-scripts-stack  ENOENT[39m
[31mError: spawn node /Users/olivierbossel/data/web/coffeekraken/coffeekraken/terminal/monorepo/node_modules/@coffeekraken/scripts-stack/bin/coffeekraken-scripts-stack  ENOENT[39m
[31m    at Process.ChildProcess._handle.onexit (internal/child_process.js:264:19)[39m
[31m    at onErrorNT (internal/child_process.js:456:16)[39m
[31m    at processTicksAndRejections (internal/process/task_queues.js:80:21)[39m
[31muncaughtException: spawn node /Users/olivierbossel/data/web/coffeekraken/coffeekraken/terminal/monorepo/node_modules/@coffeekraken/scripts-stack/bin/coffeekraken-scripts-stack  ENOENT[39m
[31mError: spawn node /Users/olivierbossel/data/web/coffeekraken/coffeekraken/terminal/monorepo/node_modules/@coffeekraken/scripts-stack/bin/coffeekraken-scripts-stack  ENOENT[39m
[31m    at Process.ChildProcess._handle.onexit (internal/child_process.js:264:19)[39m
[31m    at onErrorNT (internal/child_process.js:456:16)[39m
[31m    at processTicksAndRejections (internal/process/task_queues.js:80:21)[39m
[31muncaughtException: spawn node /Users/olivierbossel/data/web/coffeekraken/coffeekraken/terminal/monorepo/node_modules/@coffeekraken/scripts-stack/bin/coffeekraken-scripts-stack  ENOENT[39m
[31mError: spawn node /Users/olivierbossel/data/web/coffeekraken/coffeekraken/terminal/monorepo/node_modules/@coffeekraken/scripts-stack/bin/coffeekraken-scripts-stack  ENOENT[39m
[31m    at Process.ChildProcess._handle.onexit (internal/child_process.js:264:19)[39m
[31m    at onErrorNT (internal/child_process.js:456:16)[39m
[31m    at processTicksAndRejections (internal/process/task_queues.js:80:21)[39m
