[33m- Searching for the documentation files in markdown format...[39m
[33m- Searching for namespace inside each documentation files and building docMap object...[39m
[33m- Saving the "docMap.json" file at the application root folder...[39m
[33mⓘ Executing the tests inside the package "/util/sugar"...[39m
[33mⓘ Executing the tests inside the package "util/sugar"...[39m
[33mⓘ Executing the tests inside the package "util/sugar"...[39m
[33mⓘ Executing the documentation generation for the app "@coffeekraken/sugar"...[39m
[33mⓘ Searching for each packages inside the monorepo that have a "**/src" folder to generate the documentation files...[39m
[33mⓘ Searching for each packages inside the monorepo that have a "**/src" folder to generate the documentation files...[39m
[33mⓘ Generating the documentation for the package "docblock/docblock-json-to-markdown"[39m
[33mⓘ Searching for the documentation files in markdown format...[39m
[33mⓘ Searching for the documentation files in markdown format...[39m
[33mⓘ Searching for the documentation files in markdown format...[39m
[33mⓘ Searching for namespace inside each documentation files and building docMap object...[39m
[33mⓘ Saving the "docMap.json" file at the application root folder...[39m
[33mⓘ Searching for the documentation files in markdown format...[39m
[33mⓘ Searching for namespace inside each documentation files and building docMap object...[39m
[33mⓘ Saving the "docMap.json" file at the application root folder...[39m
[33mⓘ Searching for the documentation files in markdown format...[39m
[33mⓘ Searching for namespace inside each documentation files and building docMap object...[39m
[33mⓘ Saving the "docMap.json" file at the application root folder...[39m
[33mⓘ Execution of the script "dist"...[39m
[33mⓘ Execution of the script "dist"...[39m
[33mⓘ Execution of the script "test"...[39m
[31m✘ Error: Shell command exit with non zero code: 1[39m
[33mⓘ Execution of the script "test"...[39m
[31m✘ Error: Shell command exit with non zero code: 1[39m
[33mⓘ Execution of the script "test"...[39m
[31m✘ Error: Shell command exit with non zero code: 1[39m
[33mⓘ Executing the tests inside the package "util/sugar"...[39m
[33mⓘ Executing the tests inside the package "util/sugar"...[39m
[33mⓘ Executing the tests inside the package "util/sugar"...[39m
[33mⓘ Generating the javascript files...[39m
[31m✘ Error: Shell command exit with non zero code: 1[39m
[33mⓘ Generating the javascript files...[39m
[31m✘ Error: Shell command exit with non zero code: 1[39m
[33mⓘ Generating the javascript files...[39m
[33mⓘ Generating the javascript files...[39m
[33mⓘ Generating the javascript files...[39m
[33mⓘ Generating the javascript bundles...[39m
[31m✘ Error: Shell command exit with non zero code: 1[39m
[33mⓘ Generating the javascript bundles...[39m
[31m✘ Error: Shell command exit with non zero code: 1[39m
[33mⓘ Generating the javascript bundles...[39m
[31m✘ Error: Shell command exit with non zero code: 1[39m
[33mⓘ Generating the javascript files...[39m
[33mⓘ Generating the javascript files...[39m
[33mⓘ Execution of the script "test"...[39m
[33mⓘ Generating the javascript files...[39m
[33mⓘ Execution of the script "dist.js"...[39m
[33mⓘ Generating the javascript files...[39m
[33mⓘ Execution of the script "dist.js"...[39m
[33mⓘ Execution of the script "dist.doc"...[39m
[33mⓘ Searching for the documentation files in markdown format...[39m
[33mⓘ Searching for namespace inside each documentation files and building docMap object...[39m
[33mⓘ Saving the "docMap.json" file at the application root folder...[39m
[33mⓘ Execution of the script "dist.doc.map"...[39m
[33mⓘ Generating the javascript files...[39m
[33mⓘ Execution of the script "demo.dist.js"...[39m
[33mⓘ Execution of the script "demo.dist.js.bundle"...[39m
[33mⓘ Execution of the script "demo.dist.js.bundle"...[39m
[33mⓘ Execution of the script "demo.dist.js.bundle"...[39m
[33mⓘ Execution of the script "demo.dist.js.bundle"...[39m
[33mⓘ Execution of the script "demo.dist.js.bundle"...[39m
[33mⓘ Execution of the script "demo.dist.js.bundle"...[39m
[33mⓘ Execution of the script "demo.dist.js.bundle"...[39m
[33mⓘ Execution of the script "demo.dist.js.bundle"...[39m
[33mⓘ Execution of the script "demo.dist.js.bundle"...[39m
[33mⓘ Execution of the script "demo.dist.js.bundle"...[39m
[33mⓘ Execution of the script "demo.dist.js.bundle"...[39m
[33mⓘ Execution of the script "demo.dist.js.bundle"...[39m
[33mⓘ Execution of the script "demo.dist.js.bundle"...[39m
[33mⓘ Execution of the script "demo.dist.js.bundle"...[39m
[33mⓘ Execution of the script "demo.dist.js.bundle"...[39m
[33mⓘ Execution of the script "demo.dist.js.bundle"...[39m
[33mⓘ Execution of the script "demo.dist.js.bundle"...[39m
[33mⓘ Execution of the script "demo.dist.js.bundle"...[39m
[33mⓘ Execution of the script "demo.dist.js.bundle"...[39m
[33mⓘ Execution of the script "demo.dist.js.bundle"...[39m
[33mⓘ Execution of the script "demo.dist.js.bundle"...[39m
[33mⓘ Execution of the script "demo.dist.js.bundle"...[39m
[33mⓘ Execution of the script "demo.dist.js.bundle"...[39m
[33mⓘ Execution of the script "demo.dist.js.bundle"...[39m
[33mⓘ Execution of the script "demo.dist.js.bundle"...[39m
[33mⓘ Execution of the script "demo.dist.js.bundle"...[39m
[33mⓘ Execution of the script "demo.dist.js.bundle"...[39m
[33mⓘ Execution of the script "demo.dist.js.bundle"...[39m
[33mⓘ Execution of the script "demo.dist.js.bundle"...[39m
[33mⓘ Execution of the script "demo.dist.js.bundle"...[39m
[33mⓘ Execution of the script "demo.dist.js.bundle"...[39m
[33mⓘ Execution of the script "demo.dist.js.bundle"...[39m
[33mⓘ Execution of the script "demo.dist.js.bundle"...[39m
[33mⓘ Execution of the script "demo.dist.js.bundle"...[39m
[33mⓘ Generating the javascript files...[39m
[33mⓘ Execution of the script "dist.js"...[39m
[35m⚠ No file with name "*.bundle.js" has been found...[39m
[33mⓘ Execution of the script "dist.js.bundle"...[39m
[33mⓘ Execution of the script "demo.dist.js.bundle"...[39m
[33mⓘ Execution of the script "demo.dist.js.bundle"...[39m
[33mⓘ Generating the javascript bundles...[39m
[33mⓘ Generating the javascript bundles...[39m
[33mⓘ Generating the javascript bundles...[39m
[33mⓘ Generating the javascript bundles...[39m
[31m✘ Error: Command failed: webpack --config /Users/olivierbossel/data/web/coffeekraken/coffeekraken/terminal/monorepo/webpack.config.js[39m
[33mⓘ Generating the javascript bundles...[39m
[33mⓘ Generating the javascript bundles...[39m
[33mⓘ Generating the javascript bundles...[39m
[33mⓘ Generating the javascript bundles...[39m
[33mⓘ Generating the javascript bundles...[39m
[33mⓘ Generating the javascript bundles...[39m
[31m✘ Error: Shell command exit with non zero code: 2[39m
[33mⓘ Generating the javascript bundles...[39m
[31m✘ Error: Shell command exit with non zero code: 2[39m
[33mⓘ Generating the javascript bundles...[39m
[31m✘ Error: Shell command exit with non zero code: 2[39m
[33mⓘ Generating the javascript bundles...[39m
[31m✘ Error: Shell command exit with non zero code: 2[39m
[33mⓘ Generating the javascript bundles...[39m
[31m✘ Error: Shell command exit with non zero code: 1[39m
[33mⓘ Generating the javascript bundles...[39m
[31m✘ Error: Shell command exit with non zero code: 1[39m
[33mⓘ Generating the javascript bundles...[39m
[31m✘ Error: Shell command exit with non zero code: 1[39m
[33mⓘ Generating the javascript bundles...[39m
[31m✘ Error: Shell command exit with non zero code: 1[39m
[33mⓘ Generating the javascript bundles...[39m
[31m✘ Error: Shell command exit with non zero code: 2[39m
[33mⓘ Generating the javascript bundles...[39m
[31m✘ Error: Shell command exit with non zero code: 2[39m
[33mⓘ Generating the javascript bundles...[39m
[31m✘ Error: Shell command exit with non zero code: 2[39m
[33mⓘ Generating the javascript bundles...[39m
[31m✘ Error: Shell command exit with non zero code: 2[39m
[33mⓘ Generating the javascript bundles...[39m
[31m✘ Error: Shell command exit with non zero code: 2[39m
[33mⓘ Generating the javascript bundles...[39m
[31m✘ Error: Shell command exit with non zero code: 2[39m
[33mⓘ Generating the javascript bundles...[39m
[31m✘ Error: Shell command exit with non zero code: 2[39m
[33mⓘ Generating the javascript bundles...[39m
[33mⓘ Generating the javascript bundles...[39m
[33mⓘ Generating the javascript files...[39m
[35m⚠ No file with name "*.bundle.js" has been found...[39m
[33mⓘ Executing the documentation generation for the app "@coffeekraken/sugar"...[39m
[33mⓘ Searching for each packages inside the monorepo that have a "**/src" folder to generate the documentation files...[39m
[33mⓘ Generating the documentation for the package "docblock/docblock-json-to-markdown"[39m
[33mⓘ Generating the documentation for the package "docblock/docblock-parser"[39m
[33mⓘ Generating the documentation for the package "docblock/docblock-to-markdown"[39m
[33mⓘ Generating the documentation for the package "effect/text-intro"[39m
[33mⓘ Generating the documentation for the package "layout/code-playground"[39m
[33mⓘ Generating the documentation for the package "layout/gridle"[39m
[33mⓘ Generating the documentation for the package "layout/pre-view"[39m
[33mⓘ Generating the documentation for the package "layout/starter-kit"[39m
[33mⓘ Generating the documentation for the package "style/button-style"[39m
[33mⓘ Generating the documentation for the package "style/dropdown-style"[39m
[33mⓘ Generating the documentation for the package "style/form-style"[39m
[33mⓘ Generating the documentation for the package "style/tooltip-style"[39m
[33mⓘ Generating the documentation for the package "style/typography-style"[39m
[33mⓘ Generating the documentation for the package "terminal/compile-server"[39m
[33mⓘ Generating the documentation for the package "terminal/favicons/data"[39m
[33mⓘ Generating the documentation for the package "terminal/imagemin/data"[39m
[33mⓘ Generating the documentation for the package "terminal/run"[39m
[33mⓘ Generating the documentation for the package "terminal/scripts-stack"[39m
[33mⓘ Generating the documentation for the package "util/github-doc-scraping"[39m
[33mⓘ Generating the documentation for the package "util/sugar"[39m
[33mⓘ Generating the documentation for the package "webcomponent/codemirror-webcomponent"[39m
[33mⓘ Generating the documentation for the package "webcomponent/dialog-webcomponent"[39m
[33mⓘ Generating the documentation for the package "webcomponent/drawer-webcomponent"[39m
[33mⓘ Generating the documentation for the package "webcomponent/icon-webcomponent"[39m
[33mⓘ Generating the documentation for the package "webcomponent/interactive-demo-webcomponent"[39m
[33mⓘ Generating the documentation for the package "webcomponent/notification-webcomponent"[39m
[33mⓘ Generating the documentation for the package "webcomponent/scrollbar-webcomponent"[39m
[33mⓘ Generating the documentation for the package "webcomponent/select-webcomponent"[39m
[33mⓘ Generating the documentation for the package "webcomponent/shape-webcomponent"[39m
[33mⓘ Generating the documentation for the package "webcomponent/share-webcomponent"[39m
[33mⓘ Searching for the documentation files in markdown format...[39m
[33mⓘ Searching for namespace inside each documentation files and building docMap object...[39m
[33mⓘ Saving the "docMap.json" file at the application root folder...[39m
[33mⓘ Getting the source folder "src/img" size...[39m
[33mⓘ Compressing images from folder "src/img"...[39m
[33mⓘ Getting the output folder "dist/img" size...[39m
[33mⓘ Getting the source folder "demo/src/img" size...[39m
[33mⓘ Compressing images from folder "demo/src/img"...[39m
[33mⓘ Getting the output folder "demo/dist/img" size...[39m
[33mⓘ Installing the global dependencies for the app "@coffeekraken/sugar"...[39m
[33mⓘ Installing the development dependencies for the app "@coffeekraken/sugar"...[39m
[33mⓘ Installing the dependencies for the app "@coffeekraken/sugar"...[39m
[33mⓘ Generating the javascript bundles...[39m
[33mⓘ Getting the source folder "demo/src/img" size...[39m
[33mⓘ Compressing images from folder "demo/src/img"...[39m
[33mⓘ Generating the javascript files...[39m
[33mⓘ Execution of the script "demo.dist.js"...[39m
[33mⓘ Execution of the script "test"...[39m
[31m✘ Error: Shell command exit with non zero code: 1[39m
[33mⓘ Execution of the script "demo.dist.js.bundle"...[39m
[33mⓘ Getting the output folder "demo/dist/img" size...[39m
[33mⓘ Execution of the script "demo.dist.img"...[39m
[33mⓘ Generating the css file(s)...[39m
[33mⓘ Execution of the script "dist.css"...[39m
[33mⓘ Execution of the script "test"...[39m
[33mⓘ Generating the css file(s)...[39m
[33mⓘ Execution of the script "demo.dist.css"...[39m
[33mⓘ Execution of the script "dist.js"...[39m
[33mⓘ Getting the source folder "demo/src/img" size...[39m
[33mⓘ Generating the javascript bundles...[39m
[33mⓘ Compressing images from folder "demo/src/img"...[39m
[33mⓘ Generating the javascript files...[39m
[31m✘ Error: Shell command exit with non zero code: 1[39m
[33mⓘ Getting the output folder "demo/dist/img" size...[39m
[33mⓘ Generating the css file(s)...[39m
[33mⓘ Generating the css file(s)...[39m
[33mⓘ Generating the javascript files...[39m
[33mⓘ Generating the javascript files...[39m
[33mⓘ Generating the javascript files...[39m
[33mⓘ Generating the javascript files...[39m
[33mⓘ Generating the javascript files...[39m
[33mⓘ Generating the javascript files...[39m
[33mⓘ Generating the javascript files...[39m
[33mⓘ Generating the javascript files...[39m
[33mⓘ Generating the javascript files...[39m
[33mⓘ Generating the javascript files...[39m
[33mⓘ Generating the javascript files...[39m
[33mⓘ Generating the javascript files...[39m
[33mⓘ Generating the javascript files...[39m
[33mⓘ Generating the javascript files...[39m
[33mⓘ Generating the javascript files...[39m
[33mⓘ Generating the javascript files...[39m
[33mⓘ Generating the javascript files...[39m
[33mⓘ Generating the javascript files...[39m
[33mⓘ Generating the javascript files...[39m
[33mⓘ Getting the source folder "demo/src/img" size...[39m
[33mⓘ Compressing images from folder "demo/src/img"...[39m
[33mⓘ Generating the javascript bundles...[39m
[33mⓘ Generating the javascript files...[39m
[31m✘ Error: Shell command exit with non zero code: 1[39m
[33mⓘ Getting the output folder "demo/dist/img" size...[39m
[33mⓘ Generating the css file(s)...[39m
[33mⓘ Generating the css file(s)...[39m
[33mⓘ Generating the javascript files...[39m
[33mⓘ Generating the javascript files...[39m
[33mⓘ Generating the javascript files...[39m
[33mⓘ Generating the javascript files...[39m
[33mⓘ Generating the javascript files...[39m
[33mⓘ Generating the javascript files...[39m
[33mⓘ Generating the javascript files...[39m
[33mⓘ Generating the javascript files...[39m
[33mⓘ Generating the javascript files...[39m
[33mⓘ Generating the javascript files...[39m
[33mⓘ Generating the javascript files...[39m
[33mⓘ Generating the javascript files...[39m
[33mⓘ Generating the javascript files...[39m
[33mⓘ Generating the javascript files...[39m
[33mⓘ Generating the javascript files...[39m
[33mⓘ Generating the javascript files...[39m
[33mⓘ Generating the javascript files...[39m
[33mⓘ Generating the javascript files...[39m
[33mⓘ Generating the javascript files...[39m
[33mⓘ Generating the javascript files...[39m
[33mⓘ Getting the source folder "demo/src/img" size...[39m
[33mⓘ Compressing images from folder "demo/src/img"...[39m
[33mⓘ Generating the javascript bundles...[39m
[33mⓘ Generating the javascript files...[39m
[31m✘ Error: Shell command exit with non zero code: 1[39m
[33mⓘ Getting the output folder "demo/dist/img" size...[39m
[33mⓘ Generating the css file(s)...[39m
[33mⓘ Generating the css file(s)...[39m
[33mⓘ Generating the javascript files...[39m
[33mⓘ Generating the javascript files...[39m
[33mⓘ Generating the javascript files...[39m
[33mⓘ Generating the javascript files...[39m
[33mⓘ Generating the javascript files...[39m
[33mⓘ Generating the javascript bundles...[39m
[33mⓘ Getting the source folder "demo/src/img" size...[39m
[33mⓘ Compressing images from folder "demo/src/img"...[39m
[33mⓘ Generating the javascript files...[39m
[31m✘ Error: Shell command exit with non zero code: 1[39m
[33mⓘ Getting the output folder "demo/dist/img" size...[39m
[33mⓘ Generating the css file(s)...[39m
[33mⓘ Generating the css file(s)...[39m
[33mⓘ Generating the javascript files...[39m
[33mⓘ Generating the javascript files...[39m
[33mⓘ Getting the source folder "demo/src/img" size...[39m
[33mⓘ Compressing images from folder "demo/src/img"...[39m
[33mⓘ Generating the javascript bundles...[39m
[33mⓘ Generating the javascript files...[39m
[31m✘ Error: Shell command exit with non zero code: 1[39m
[33mⓘ Getting the output folder "demo/dist/img" size...[39m
[33mⓘ Generating the css file(s)...[39m
[33mⓘ Generating the css file(s)...[39m
[33mⓘ Generating the javascript files...[39m
[33mⓘ Generating the javascript bundles...[39m
[33mⓘ Getting the source folder "demo/src/img" size...[39m
[33mⓘ Compressing images from folder "demo/src/img"...[39m
[33mⓘ Generating the javascript files...[39m
[31m✘ Error: Shell command exit with non zero code: 1[39m
[33mⓘ Getting the output folder "demo/dist/img" size...[39m
[33mⓘ Generating the css file(s)...[39m
[33mⓘ Generating the css file(s)...[39m
[33mⓘ Generating the javascript files...[39m
[33mⓘ Generating the javascript bundles...[39m
[33mⓘ Getting the source folder "demo/src/img" size...[39m
[33mⓘ Compressing images from folder "demo/src/img"...[39m
[33mⓘ Generating the javascript files...[39m
[31m✘ Error: Shell command exit with non zero code: 1[39m
[33mⓘ Getting the output folder "demo/dist/img" size...[39m
[33mⓘ Generating the css file(s)...[39m
[33mⓘ Generating the css file(s)...[39m
[33mⓘ Generating the javascript files...[39m
[33mⓘ Getting the source folder "demo/src/img" size...[39m
[33mⓘ Compressing images from folder "demo/src/img"...[39m
[33mⓘ Generating the javascript bundles...[39m
[33mⓘ Generating the javascript files...[39m
[31m✘ Error: Shell command exit with non zero code: 1[39m
[33mⓘ Getting the output folder "demo/dist/img" size...[39m
[33mⓘ Generating the css file(s)...[39m
[33mⓘ Generating the css file(s)...[39m
[33mⓘ Generating the javascript files...[39m
[33mⓘ Generating the javascript bundles...[39m
[33mⓘ Getting the source folder "demo/src/img" size...[39m
[33mⓘ Compressing images from folder "demo/src/img"...[39m
[33mⓘ Generating the javascript files...[39m
[31m✘ Error: Shell command exit with non zero code: 1[39m
[33mⓘ Getting the output folder "demo/dist/img" size...[39m
[33mⓘ Generating the css file(s)...[39m
[33mⓘ Generating the css file(s)...[39m
[33mⓘ Generating the javascript files...[39m
[33mⓘ Getting the source folder "demo/src/img" size...[39m
[33mⓘ Generating the javascript bundles...[39m
[33mⓘ Compressing images from folder "demo/src/img"...[39m
[33mⓘ Generating the javascript files...[39m
[31m✘ Error: Shell command exit with non zero code: 1[39m
[33mⓘ Getting the output folder "demo/dist/img" size...[39m
[33mⓘ Generating the css file(s)...[39m
[33mⓘ Generating the css file(s)...[39m
[33mⓘ Generating the javascript files...[39m
[33mⓘ Generating the javascript files...[39m
[33mⓘ Generating the javascript files...[39m
[33mⓘ Generating the javascript files...[39m
[33mⓘ Generating the javascript files...[39m
[33mⓘ Generating the javascript files...[39m
[33mⓘ Generating the javascript files...[39m
[33mⓘ Generating the javascript files...[39m
[33mⓘ Generating the javascript files...[39m
[33mⓘ Generating the javascript files...[39m
[33mⓘ Generating the javascript files...[39m
[33mⓘ Generating the javascript files...[39m
[33mⓘ Generating the javascript files...[39m
[33mⓘ Generating the javascript files...[39m
[33mⓘ Generating the javascript files...[39m
[33mⓘ Generating the javascript files...[39m
[33mⓘ Generating the javascript files...[39m
[33mⓘ Generating the javascript bundles...[39m
[33mⓘ Getting the source folder "demo/src/img" size...[39m
[33mⓘ Compressing images from folder "demo/src/img"...[39m
[33mⓘ Generating the javascript files...[39m
[31m✘ Error: Shell command exit with non zero code: 1[39m
[33mⓘ Getting the output folder "demo/dist/img" size...[39m
[33mⓘ Generating the css file(s)...[39m
[33mⓘ Generating the css file(s)...[39m
[33mⓘ Generating the javascript files...[39m
[33mⓘ Generating the javascript files...[39m
[33mⓘ Generating the javascript files...[39m
[33mⓘ Generating the javascript files...[39m
[33mⓘ Generating the javascript files...[39m
[33mⓘ Generating the javascript files...[39m
[33mⓘ Generating the javascript bundles...[39m
[33mⓘ Getting the source folder "demo/src/img" size...[39m
[33mⓘ Compressing images from folder "demo/src/img"...[39m
[33mⓘ Generating the javascript files...[39m
[31m✘ Error: Shell command exit with non zero code: 1[39m
[33mⓘ Getting the output folder "demo/dist/img" size...[39m
[33mⓘ Generating the css file(s)...[39m
[33mⓘ Generating the css file(s)...[39m
[33mⓘ Generating the javascript files...[39m
[33mⓘ Generating the javascript files...[39m
[33mⓘ Generating the javascript files...[39m
[33mⓘ Generating the javascript files...[39m
[33mⓘ Generating the javascript files...[39m
[33mⓘ Generating the javascript files...[39m
[33mⓘ Generating the javascript files...[39m
[33mⓘ Generating the javascript files...[39m
[33mⓘ Generating the javascript files...[39m
[33mⓘ Generating the javascript files...[39m
[33mⓘ Generating the javascript files...[39m
[33mⓘ Generating the javascript files...[39m
[33mⓘ Generating the javascript files...[39m
[33mⓘ Generating the javascript files...[39m
[33mⓘ Generating the javascript files...[39m
[33mⓘ Generating the javascript files...[39m
[33mⓘ Generating the javascript files...[39m
[33mⓘ Generating the javascript files...[39m
[33mⓘ Generating the javascript files...[39m
[33mⓘ Generating the javascript files...[39m
[33mⓘ Generating the javascript files...[39m
[33mⓘ Generating the javascript files...[39m
[33mⓘ Generating the javascript files...[39m
[33mⓘ Generating the javascript files...[39m
[33mⓘ Generating the javascript files...[39m
[33mⓘ Generating the javascript files...[39m
[33mⓘ Generating the javascript files...[39m
[33mⓘ Generating the javascript files...[39m
[33mⓘ Generating the javascript files...[39m
[33mⓘ Generating the javascript files...[39m
[33mⓘ Generating the javascript files...[39m
[33mⓘ Generating the javascript files...[39m
[33mⓘ Generating the javascript files...[39m
[33mⓘ Generating the javascript files...[39m
[33mⓘ Generating the javascript files...[39m
[33mⓘ Generating the javascript files...[39m
[33mⓘ Generating the javascript files...[39m
[33mⓘ Generating the javascript files...[39m
[33mⓘ Generating the javascript files...[39m
[33mⓘ Generating the javascript files...[39m
[33mⓘ Generating the javascript files...[39m
[33mⓘ Generating the javascript files...[39m
[33mⓘ Generating the javascript files...[39m
[33mⓘ Generating the javascript files...[39m
[33mⓘ Generating the javascript files...[39m
[33mⓘ Generating the javascript files...[39m
[33mⓘ Generating the javascript files...[39m
[33mⓘ Generating the javascript files...[39m
[33mⓘ Generating the javascript files...[39m
[33mⓘ Generating the javascript files...[39m
[33mⓘ Generating the javascript files...[39m
[33mⓘ Generating the javascript files...[39m
[33mⓘ Generating the javascript files...[39m
[33mⓘ Generating the javascript files...[39m
[33mⓘ Generating the javascript files...[39m
[33mⓘ Generating the javascript files...[39m
[33mⓘ Generating the javascript files...[39m
[33mⓘ Generating the javascript files...[39m
[33mⓘ Generating the javascript files...[39m
[33mⓘ Generating the javascript bundles...[39m
[33mⓘ Getting the source folder "demo/src/img" size...[39m
[33mⓘ Compressing images from folder "demo/src/img"...[39m
[33mⓘ Generating the javascript files...[39m
[31m✘ Error: Shell command exit with non zero code: 1[39m
[33mⓘ Getting the output folder "demo/dist/img" size...[39m
[33mⓘ Generating the css file(s)...[39m
[33mⓘ Generating the css file(s)...[39m
[33mⓘ Generating the javascript files...[39m
[33mⓘ Generating the javascript files...[39m
[33mⓘ Generating the javascript files...[39m
[33mⓘ Generating the javascript files...[39m
[33mⓘ Generating the javascript files...[39m
[33mⓘ Generating the javascript files...[39m
[33mⓘ Generating the javascript files...[39m
[33mⓘ Generating the javascript files...[39m
[33mⓘ Generating the javascript files...[39m
[33mⓘ Generating the javascript files...[39m
[33mⓘ Generating the javascript files...[39m
[33mⓘ Generating the javascript files...[39m
[33mⓘ Generating the javascript files...[39m
[33mⓘ Generating the javascript files...[39m
[33mⓘ Generating the javascript files...[39m
[33mⓘ Generating the javascript files...[39m
[33mⓘ Generating the javascript files...[39m
[33mⓘ Generating the javascript files...[39m
[33mⓘ Generating the javascript files...[39m
[33mⓘ Generating the javascript files...[39m
[33mⓘ Generating the javascript files...[39m
[33mⓘ Generating the javascript files...[39m
[33mⓘ Generating the javascript files...[39m
[33mⓘ Generating the javascript files...[39m
[33mⓘ Generating the javascript files...[39m
[33mⓘ Generating the javascript files...[39m
[33mⓘ Generating the javascript files...[39m
[33mⓘ Generating the javascript files...[39m
[33mⓘ Generating the javascript files...[39m
[33mⓘ Getting the source folder "demo/src/img" size...[39m
[33mⓘ Compressing images from folder "demo/src/img"...[39m
[33mⓘ Generating the javascript bundles...[39m
[33mⓘ Generating the javascript files...[39m
[31m✘ Error: Shell command exit with non zero code: 1[39m
[33mⓘ Getting the output folder "demo/dist/img" size...[39m
[33mⓘ Generating the css file(s)...[39m
[33mⓘ Generating the css file(s)...[39m
[33mⓘ Generating the javascript files...[39m
[33mⓘ Generating the javascript files...[39m
[33mⓘ Generating the javascript files...[39m
[33mⓘ Generating the javascript files...[39m
[33mⓘ Generating the javascript files...[39m
[33mⓘ Generating the javascript files...[39m
[33mⓘ Generating the javascript bundles...[39m
[33mⓘ Getting the source folder "demo/src/img" size...[39m
[33mⓘ Compressing images from folder "demo/src/img"...[39m
[33mⓘ Generating the javascript files...[39m
[31m✘ Error: Shell command exit with non zero code: 1[39m
[33mⓘ Getting the output folder "demo/dist/img" size...[39m
[33mⓘ Generating the css file(s)...[39m
[33mⓘ Generating the css file(s)...[39m
[33mⓘ Generating the javascript files...[39m
[33mⓘ Generating the javascript files...[39m
[33mⓘ Generating the javascript files...[39m
[33mⓘ Generating the javascript files...[39m
[33mⓘ Generating the javascript files...[39m
[33mⓘ Generating the javascript files...[39m
[33mⓘ Generating the javascript files...[39m
[33mⓘ Generating the javascript files...[39m
[33mⓘ Generating the javascript files...[39m
[33mⓘ Generating the javascript files...[39m
[33mⓘ Generating the javascript bundles...[39m
[33mⓘ Getting the source folder "demo/src/img" size...[39m
[33mⓘ Compressing images from folder "demo/src/img"...[39m
[33mⓘ Generating the javascript files...[39m
[31m✘ Error: Shell command exit with non zero code: 1[39m
[33mⓘ Getting the output folder "demo/dist/img" size...[39m
[33mⓘ Generating the css file(s)...[39m
[33mⓘ Generating the css file(s)...[39m
[33mⓘ Generating the javascript files...[39m
[33mⓘ Generating the javascript files...[39m
[33mⓘ Generating the javascript files...[39m
[33mⓘ Generating the javascript files...[39m
[33mⓘ Generating the javascript files...[39m
[33mⓘ Generating the javascript files...[39m
[33mⓘ Generating the javascript files...[39m
[33mⓘ Generating the javascript files...[39m
[33mⓘ Generating the javascript files...[39m
[33mⓘ Generating the javascript files...[39m
[33mⓘ Generating the javascript files...[39m
[33mⓘ Generating the javascript files...[39m
[33mⓘ Generating the javascript files...[39m
[33mⓘ Generating the javascript files...[39m
[33mⓘ Generating the javascript files...[39m
[33mⓘ Generating the javascript files...[39m
[33mⓘ Generating the javascript files...[39m
[33mⓘ Generating the javascript files...[39m
[33mⓘ Generating the javascript files...[39m
[33mⓘ Generating the javascript files...[39m
[33mⓘ Generating the javascript files...[39m
[33mⓘ Generating the javascript files...[39m
[33mⓘ Generating the javascript files...[39m
[33mⓘ Generating the javascript files...[39m
[33mⓘ Generating the javascript files...[39m
[33mⓘ Generating the javascript files...[39m
[33mⓘ Generating the javascript files...[39m
[33mⓘ Generating the javascript files...[39m
[33mⓘ Generating the javascript files...[39m
[33mⓘ Generating the javascript files...[39m
[33mⓘ Generating the javascript files...[39m
[33mⓘ Generating the javascript files...[39m
[33mⓘ Generating the javascript files...[39m
[33mⓘ Generating the javascript files...[39m
[33mⓘ Generating the javascript files...[39m
[33mⓘ Generating the javascript files...[39m
[33mⓘ Generating the javascript files...[39m
[33mⓘ Generating the javascript files...[39m
[33mⓘ Generating the javascript files...[39m
[33mⓘ Generating the javascript files...[39m
[33mⓘ Generating the javascript files...[39m
[33mⓘ Generating the javascript files...[39m
[33mⓘ Generating the javascript files...[39m
[33mⓘ Generating the javascript files...[39m
[33mⓘ Generating the javascript files...[39m
[33mⓘ Generating the javascript files...[39m
[33mⓘ Generating the javascript files...[39m
[33mⓘ Generating the javascript files...[39m
[33mⓘ Generating the javascript files...[39m
[33mⓘ Generating the javascript files...[39m
[33mⓘ Generating the javascript files...[39m
[33mⓘ Generating the javascript files...[39m
[33mⓘ Generating the javascript files...[39m
[33mⓘ Generating the javascript files...[39m
[33mⓘ Generating the javascript files...[39m
[33mⓘ Generating the javascript files...[39m
[33mⓘ Generating the javascript files...[39m
[33mⓘ Generating the javascript files...[39m
[33mⓘ Generating the javascript files...[39m
[33mⓘ Generating the javascript files...[39m
[33mⓘ Generating the javascript files...[39m
[33mⓘ Generating the javascript files...[39m
[33mⓘ Generating the javascript files...[39m
[33mⓘ Generating the javascript files...[39m
[33mⓘ Getting the source folder "demo/src/img" size...[39m
[33mⓘ Compressing images from folder "demo/src/img"...[39m
[33mⓘ Generating the javascript bundles...[39m
[33mⓘ Generating the javascript files...[39m
[31m✘ Error: Shell command exit with non zero code: 1[39m
[33mⓘ Getting the output folder "demo/dist/img" size...[39m
[33mⓘ Generating the css file(s)...[39m
[33mⓘ Generating the css file(s)...[39m
[33mⓘ Generating the javascript files...[39m
[33mⓘ Generating the javascript bundles...[39m
[33mⓘ Getting the source folder "demo/src/img" size...[39m
[33mⓘ Compressing images from folder "demo/src/img"...[39m
[33mⓘ Generating the javascript files...[39m
[31m✘ Error: Shell command exit with non zero code: 1[39m
[33mⓘ Getting the output folder "demo/dist/img" size...[39m
[33mⓘ Generating the css file(s)...[39m
[33mⓘ Generating the css file(s)...[39m
[33mⓘ Generating the javascript files...[39m
[33mⓘ Generating the javascript files...[39m
[33mⓘ Generating the javascript files...[39m
[33mⓘ Generating the javascript files...[39m
[33mⓘ Generating the javascript files...[39m
[33mⓘ Generating the javascript files...[39m
[33mⓘ Generating the javascript files...[39m
[33mⓘ Generating the javascript files...[39m
[33mⓘ Generating the javascript files...[39m
[33mⓘ Generating the javascript files...[39m
[33mⓘ Generating the javascript files...[39m
[33mⓘ Generating the javascript files...[39m
[33mⓘ Generating the javascript files...[39m
[33mⓘ Generating the javascript files...[39m
[33mⓘ Generating the javascript files...[39m
[33mⓘ Generating the javascript files...[39m
[33mⓘ Generating the javascript files...[39m
[33mⓘ Generating the javascript files...[39m
[33mⓘ Generating the javascript files...[39m
[33mⓘ Getting the source folder "demo/src/img" size...[39m
[33mⓘ Compressing images from folder "demo/src/img"...[39m
[33mⓘ Generating the javascript bundles...[39m
[33mⓘ Generating the javascript files...[39m
[31m✘ Error: Shell command exit with non zero code: 1[39m
[33mⓘ Getting the output folder "demo/dist/img" size...[39m
[33mⓘ Generating the css file(s)...[39m
[33mⓘ Generating the css file(s)...[39m
[33mⓘ Generating the javascript files...[39m
[33mⓘ Generating the javascript files...[39m
[33mⓘ Generating the javascript files...[39m
[33mⓘ Generating the javascript files...[39m
[33mⓘ Generating the javascript files...[39m
[33mⓘ Generating the javascript files...[39m
[33mⓘ Generating the javascript files...[39m
[33mⓘ Generating the javascript files...[39m
[33mⓘ Generating the javascript files...[39m
[33mⓘ Generating the javascript files...[39m
[33mⓘ Generating the javascript files...[39m
[33mⓘ Generating the javascript files...[39m
[33mⓘ Generating the javascript files...[39m
[33mⓘ Generating the javascript files...[39m
[33mⓘ Generating the javascript files...[39m
[33mⓘ Generating the javascript files...[39m
[33mⓘ Generating the javascript files...[39m
[33mⓘ Generating the javascript files...[39m
[33mⓘ Generating the javascript files...[39m
[33mⓘ Generating the javascript files...[39m
[33mⓘ Generating the javascript files...[39m
[33mⓘ Generating the javascript files...[39m
[33mⓘ Generating the javascript files...[39m
[33mⓘ Generating the javascript files...[39m
[33mⓘ Generating the javascript files...[39m
[33mⓘ Generating the javascript files...[39m
[33mⓘ Generating the javascript files...[39m
[33mⓘ Generating the javascript files...[39m
[33mⓘ Generating the javascript files...[39m
[33mⓘ Generating the javascript files...[39m
[33mⓘ Generating the javascript files...[39m
[33mⓘ Generating the javascript files...[39m
[33mⓘ Generating the javascript files...[39m
[33mⓘ Generating the javascript files...[39m
[33mⓘ Generating the javascript files...[39m
[33mⓘ Generating the javascript files...[39m
[33mⓘ Generating the javascript files...[39m
[33mⓘ Generating the javascript files...[39m
[33mⓘ Generating the javascript files...[39m
[33mⓘ Generating the javascript files...[39m
[33mⓘ Generating the javascript files...[39m
[33mⓘ Generating the javascript files...[39m
[33mⓘ Generating the javascript files...[39m
[33mⓘ Generating the javascript files...[39m
[33mⓘ Generating the javascript files...[39m
[33mⓘ Generating the javascript files...[39m
[33mⓘ Generating the javascript files...[39m
[33mⓘ Generating the javascript files...[39m
[33mⓘ Generating the javascript files...[39m
[33mⓘ Generating the javascript files...[39m
[33mⓘ Generating the javascript files...[39m
[33mⓘ Generating the javascript files...[39m
[33mⓘ Generating the javascript files...[39m
[33mⓘ Generating the javascript files...[39m
[33mⓘ Generating the javascript files...[39m
[33mⓘ Generating the javascript files...[39m
[33mⓘ Generating the javascript files...[39m
[33mⓘ Generating the javascript files...[39m
[33mⓘ Generating the javascript files...[39m
[33mⓘ Generating the javascript files...[39m
[33mⓘ Generating the javascript files...[39m
[33mⓘ Generating the javascript files...[39m
[33mⓘ Generating the javascript files...[39m
[33mⓘ Generating the javascript files...[39m
[33mⓘ Generating the javascript files...[39m
[33mⓘ Generating the javascript files...[39m
[33mⓘ Generating the javascript files...[39m
[33mⓘ Generating the javascript files...[39m
[33mⓘ Generating the javascript files...[39m
[33mⓘ Generating the javascript files...[39m
[33mⓘ Generating the javascript files...[39m
[33mⓘ Generating the javascript files...[39m
[33mⓘ Generating the javascript files...[39m
[33mⓘ Generating the javascript files...[39m
[33mⓘ Generating the javascript bundles...[39m
[33mⓘ Getting the source folder "demo/src/img" size...[39m
[33mⓘ Compressing images from folder "demo/src/img"...[39m
[33mⓘ Generating the javascript files...[39m
[31m✘ Error: Shell command exit with non zero code: 1[39m
[33mⓘ Getting the output folder "demo/dist/img" size...[39m
[33mⓘ Generating the css file(s)...[39m
[33mⓘ Generating the css file(s)...[39m
[33mⓘ Generating the javascript files...[39m
[33mⓘ Generating the javascript files...[39m
[33mⓘ Generating the javascript files...[39m
[33mⓘ Generating the javascript files...[39m
[33mⓘ Generating the javascript files...[39m
[33mⓘ Generating the javascript files...[39m
[33mⓘ Generating the javascript files...[39m
[33mⓘ Generating the javascript files...[39m
[33mⓘ Generating the javascript files...[39m
[33mⓘ Generating the javascript files...[39m
[33mⓘ Generating the javascript files...[39m
[33mⓘ Generating the javascript files...[39m
[33mⓘ Generating the javascript files...[39m
[33mⓘ Generating the javascript files...[39m
[33mⓘ Generating the javascript files...[39m
[33mⓘ Generating the javascript files...[39m
[33mⓘ Generating the javascript files...[39m
[33mⓘ Generating the javascript files...[39m
[33mⓘ Generating the javascript files...[39m
[33mⓘ Generating the javascript files...[39m
[33mⓘ Generating the javascript files...[39m
[33mⓘ Generating the javascript files...[39m
[33mⓘ Generating the javascript files...[39m
[33mⓘ Generating the javascript files...[39m
[33mⓘ Generating the javascript files...[39m
[33mⓘ Generating the javascript files...[39m
[33mⓘ Generating the javascript files...[39m
[33mⓘ Generating the javascript files...[39m
[33mⓘ Generating the javascript files...[39m
[33mⓘ Generating the javascript files...[39m
[33mⓘ Generating the javascript files...[39m
[33mⓘ Generating the javascript files...[39m
[33mⓘ Generating the javascript files...[39m
[33mⓘ Generating the javascript files...[39m
[33mⓘ Generating the javascript files...[39m
[33mⓘ Generating the javascript files...[39m
[33mⓘ Generating the javascript files...[39m
[33mⓘ Generating the javascript files...[39m
[33mⓘ Generating the javascript files...[39m
[33mⓘ Generating the javascript files...[39m
[33mⓘ Generating the javascript files...[39m
[33mⓘ Generating the javascript files...[39m
[33mⓘ Generating the javascript files...[39m
[33mⓘ Generating the javascript files...[39m
[33mⓘ Generating the javascript files...[39m
[33mⓘ Generating the javascript files...[39m
[33mⓘ Generating the javascript files...[39m
[33mⓘ Generating the javascript files...[39m
[33mⓘ Generating the javascript files...[39m
[33mⓘ Generating the javascript files...[39m
[33mⓘ Generating the javascript files...[39m
[33mⓘ Generating the javascript files...[39m
[33mⓘ Generating the javascript files...[39m
[33mⓘ Getting the source folder "demo/src/img" size...[39m
[33mⓘ Compressing images from folder "demo/src/img"...[39m
[33mⓘ Generating the javascript bundles...[39m
[33mⓘ Generating the javascript files...[39m
[31m✘ Error: Shell command exit with non zero code: 1[39m
[33mⓘ Getting the output folder "demo/dist/img" size...[39m
[33mⓘ Generating the css file(s)...[39m
[33mⓘ Generating the css file(s)...[39m
[33mⓘ Generating the javascript files...[39m
[33mⓘ Getting the source folder "demo/src/img" size...[39m
[33mⓘ Compressing images from folder "demo/src/img"...[39m
[33mⓘ Generating the javascript bundles...[39m
[33mⓘ Generating the javascript files...[39m
[31m✘ Error: Shell command exit with non zero code: 1[39m
[33mⓘ Getting the output folder "demo/dist/img" size...[39m
[33mⓘ Generating the css file(s)...[39m
[33mⓘ Generating the css file(s)...[39m
[33mⓘ Generating the javascript files...[39m
[33mⓘ Generating the javascript files...[39m
[33mⓘ Generating the javascript files...[39m
[33mⓘ Getting the source folder "demo/src/img" size...[39m
[33mⓘ Compressing images from folder "demo/src/img"...[39m
[33mⓘ Generating the javascript bundles...[39m
[33mⓘ Generating the javascript files...[39m
[31m✘ Error: Shell command exit with non zero code: 1[39m
[33mⓘ Getting the output folder "demo/dist/img" size...[39m
[33mⓘ Generating the css file(s)...[39m
[33mⓘ Generating the css file(s)...[39m
[33mⓘ Generating the javascript files...[39m
[33mⓘ Generating the javascript files...[39m
[33mⓘ Generating the javascript files...[39m
[33mⓘ Generating the javascript bundles...[39m
[33mⓘ Getting the source folder "demo/src/img" size...[39m
[33mⓘ Compressing images from folder "demo/src/img"...[39m
[33mⓘ Generating the javascript files...[39m
[31m✘ Error: Shell command exit with non zero code: 1[39m
[33mⓘ Getting the output folder "demo/dist/img" size...[39m
[33mⓘ Generating the css file(s)...[39m
[33mⓘ Generating the css file(s)...[39m
[33mⓘ Generating the javascript files...[39m
[33mⓘ Generating the javascript files...[39m
[33mⓘ Getting the source folder "demo/src/img" size...[39m
[33mⓘ Generating the javascript bundles...[39m
[33mⓘ Compressing images from folder "demo/src/img"...[39m
[33mⓘ Generating the javascript files...[39m
[31m✘ Error: Shell command exit with non zero code: 1[39m
[33mⓘ Getting the output folder "demo/dist/img" size...[39m
[33mⓘ Generating the css file(s)...[39m
[33mⓘ Generating the css file(s)...[39m
[33mⓘ Generating the javascript files...[39m
[33mⓘ Generating the javascript files...[39m
[33mⓘ Generating the javascript files...[39m
